{"D:\\code\\esgproject\\backend\\controllers\\analyticsController.js": {"path":"D:\\code\\esgproject\\backend\\controllers\\analyticsController.js","statementMap":{"0":{"start":{"line":3,"column":15},"end":{"line":3,"column":33}},"1":{"start":{"line":6,"column":27},"end":{"line":98,"column":1}},"2":{"start":{"line":7,"column":2},"end":{"line":97,"column":3}},"3":{"start":{"line":9,"column":20},"end":{"line":18,"column":6}},"4":{"start":{"line":20,"column":21},"end":{"line":35,"column":5}},"5":{"start":{"line":38,"column":4},"end":{"line":92,"column":7}},"6":{"start":{"line":39,"column":18},"end":{"line":39,"column":33}},"7":{"start":{"line":40,"column":6},"end":{"line":50,"column":7}},"8":{"start":{"line":41,"column":8},"end":{"line":41,"column":41}},"9":{"start":{"line":43,"column":8},"end":{"line":49,"column":9}},"10":{"start":{"line":44,"column":10},"end":{"line":44,"column":47}},"11":{"start":{"line":45,"column":15},"end":{"line":49,"column":9}},"12":{"start":{"line":46,"column":10},"end":{"line":46,"column":45}},"13":{"start":{"line":48,"column":10},"end":{"line":48,"column":45}},"14":{"start":{"line":53,"column":6},"end":{"line":62,"column":7}},"15":{"start":{"line":54,"column":27},"end":{"line":56,"column":41}},"16":{"start":{"line":55,"column":10},"end":{"line":55,"column":48}},"17":{"start":{"line":58,"column":8},"end":{"line":61,"column":49}},"18":{"start":{"line":58,"column":30},"end":{"line":58,"column":71}},"19":{"start":{"line":59,"column":13},"end":{"line":61,"column":49}},"20":{"start":{"line":59,"column":35},"end":{"line":59,"column":71}},"21":{"start":{"line":60,"column":13},"end":{"line":61,"column":49}},"22":{"start":{"line":60,"column":35},"end":{"line":60,"column":71}},"23":{"start":{"line":61,"column":13},"end":{"line":61,"column":49}},"24":{"start":{"line":65,"column":6},"end":{"line":78,"column":9}},"25":{"start":{"line":66,"column":8},"end":{"line":77,"column":9}},"26":{"start":{"line":67,"column":27},"end":{"line":67,"column":47}},"27":{"start":{"line":68,"column":10},"end":{"line":70,"column":11}},"28":{"start":{"line":69,"column":12},"end":{"line":69,"column":85}},"29":{"start":{"line":71,"column":10},"end":{"line":71,"column":50}},"30":{"start":{"line":72,"column":10},"end":{"line":76,"column":11}},"31":{"start":{"line":73,"column":12},"end":{"line":73,"column":56}},"32":{"start":{"line":75,"column":12},"end":{"line":75,"column":54}},"33":{"start":{"line":81,"column":6},"end":{"line":91,"column":9}},"34":{"start":{"line":82,"column":8},"end":{"line":90,"column":9}},"35":{"start":{"line":83,"column":10},"end":{"line":89,"column":13}},"36":{"start":{"line":94,"column":4},"end":{"line":94,"column":23}},"37":{"start":{"line":96,"column":4},"end":{"line":96,"column":91}},"38":{"start":{"line":101,"column":35},"end":{"line":123,"column":1}},"39":{"start":{"line":102,"column":2},"end":{"line":122,"column":3}},"40":{"start":{"line":103,"column":22},"end":{"line":107,"column":6}},"41":{"start":{"line":109,"column":21},"end":{"line":114,"column":7}},"42":{"start":{"line":109,"column":43},"end":{"line":114,"column":5}},"43":{"start":{"line":116,"column":4},"end":{"line":119,"column":7}},"44":{"start":{"line":121,"column":4},"end":{"line":121,"column":95}},"45":{"start":{"line":126,"column":31},"end":{"line":191,"column":1}},"46":{"start":{"line":127,"column":2},"end":{"line":190,"column":3}},"47":{"start":{"line":128,"column":18},"end":{"line":133,"column":6}},"48":{"start":{"line":135,"column":18},"end":{"line":142,"column":5}},"49":{"start":{"line":144,"column":21},"end":{"line":144,"column":22}},"50":{"start":{"line":144,"column":38},"end":{"line":144,"column":39}},"51":{"start":{"line":144,"column":55},"end":{"line":144,"column":56}},"52":{"start":{"line":144,"column":74},"end":{"line":144,"column":75}},"53":{"start":{"line":145,"column":23},"end":{"line":145,"column":24}},"54":{"start":{"line":145,"column":42},"end":{"line":145,"column":43}},"55":{"start":{"line":145,"column":61},"end":{"line":145,"column":62}},"56":{"start":{"line":145,"column":82},"end":{"line":145,"column":83}},"57":{"start":{"line":147,"column":4},"end":{"line":174,"column":7}},"58":{"start":{"line":148,"column":6},"end":{"line":151,"column":7}},"59":{"start":{"line":149,"column":8},"end":{"line":149,"column":40}},"60":{"start":{"line":150,"column":8},"end":{"line":150,"column":23}},"61":{"start":{"line":152,"column":6},"end":{"line":155,"column":7}},"62":{"start":{"line":153,"column":8},"end":{"line":153,"column":41}},"63":{"start":{"line":154,"column":8},"end":{"line":154,"column":24}},"64":{"start":{"line":156,"column":6},"end":{"line":159,"column":7}},"65":{"start":{"line":157,"column":8},"end":{"line":157,"column":37}},"66":{"start":{"line":158,"column":8},"end":{"line":158,"column":24}},"67":{"start":{"line":160,"column":6},"end":{"line":163,"column":7}},"68":{"start":{"line":161,"column":8},"end":{"line":161,"column":41}},"69":{"start":{"line":162,"column":8},"end":{"line":162,"column":26}},"70":{"start":{"line":166,"column":6},"end":{"line":173,"column":7}},"71":{"start":{"line":167,"column":25},"end":{"line":167,"column":45}},"72":{"start":{"line":168,"column":8},"end":{"line":170,"column":9}},"73":{"start":{"line":169,"column":10},"end":{"line":169,"column":69}},"74":{"start":{"line":171,"column":8},"end":{"line":171,"column":45}},"75":{"start":{"line":172,"column":8},"end":{"line":172,"column":74}},"76":{"start":{"line":176,"column":4},"end":{"line":176,"column":89}},"77":{"start":{"line":177,"column":4},"end":{"line":177,"column":97}},"78":{"start":{"line":178,"column":4},"end":{"line":178,"column":93}},"79":{"start":{"line":179,"column":4},"end":{"line":179,"column":101}},"80":{"start":{"line":182,"column":4},"end":{"line":185,"column":7}},"81":{"start":{"line":183,"column":19},"end":{"line":183,"column":47}},"82":{"start":{"line":184,"column":6},"end":{"line":184,"column":66}},"83":{"start":{"line":187,"column":4},"end":{"line":187,"column":20}},"84":{"start":{"line":189,"column":4},"end":{"line":189,"column":91}}},"fnMap":{"0":{"name":"(anonymous_0)","decl":{"start":{"line":6,"column":27},"end":{"line":6,"column":28}},"loc":{"start":{"line":6,"column":47},"end":{"line":98,"column":1}},"line":6},"1":{"name":"(anonymous_1)","decl":{"start":{"line":38,"column":20},"end":{"line":38,"column":21}},"loc":{"start":{"line":38,"column":30},"end":{"line":92,"column":5}},"line":38},"2":{"name":"(anonymous_2)","decl":{"start":{"line":54,"column":53},"end":{"line":54,"column":54}},"loc":{"start":{"line":54,"column":68},"end":{"line":56,"column":9}},"line":54},"3":{"name":"(anonymous_3)","decl":{"start":{"line":65,"column":33},"end":{"line":65,"column":34}},"loc":{"start":{"line":65,"column":41},"end":{"line":78,"column":7}},"line":65},"4":{"name":"(anonymous_4)","decl":{"start":{"line":81,"column":33},"end":{"line":81,"column":34}},"loc":{"start":{"line":81,"column":41},"end":{"line":91,"column":7}},"line":81},"5":{"name":"(anonymous_5)","decl":{"start":{"line":101,"column":35},"end":{"line":101,"column":36}},"loc":{"start":{"line":101,"column":55},"end":{"line":123,"column":1}},"line":101},"6":{"name":"(anonymous_6)","decl":{"start":{"line":109,"column":35},"end":{"line":109,"column":36}},"loc":{"start":{"line":109,"column":43},"end":{"line":114,"column":5}},"line":109},"7":{"name":"(anonymous_7)","decl":{"start":{"line":126,"column":31},"end":{"line":126,"column":32}},"loc":{"start":{"line":126,"column":51},"end":{"line":191,"column":1}},"line":126},"8":{"name":"(anonymous_8)","decl":{"start":{"line":147,"column":18},"end":{"line":147,"column":19}},"loc":{"start":{"line":147,"column":26},"end":{"line":174,"column":5}},"line":147},"9":{"name":"(anonymous_9)","decl":{"start":{"line":182,"column":44},"end":{"line":182,"column":45}},"loc":{"start":{"line":182,"column":56},"end":{"line":185,"column":5}},"line":182}},"branchMap":{"0":{"loc":{"start":{"line":40,"column":6},"end":{"line":50,"column":7}},"type":"if","locations":[{"start":{"line":40,"column":6},"end":{"line":50,"column":7}},{"start":{},"end":{}}],"line":40},"1":{"loc":{"start":{"line":43,"column":8},"end":{"line":49,"column":9}},"type":"if","locations":[{"start":{"line":43,"column":8},"end":{"line":49,"column":9}},{"start":{"line":45,"column":15},"end":{"line":49,"column":9}}],"line":43},"2":{"loc":{"start":{"line":45,"column":15},"end":{"line":49,"column":9}},"type":"if","locations":[{"start":{"line":45,"column":15},"end":{"line":49,"column":9}},{"start":{"line":47,"column":15},"end":{"line":49,"column":9}}],"line":45},"3":{"loc":{"start":{"line":53,"column":6},"end":{"line":62,"column":7}},"type":"if","locations":[{"start":{"line":53,"column":6},"end":{"line":62,"column":7}},{"start":{},"end":{}}],"line":53},"4":{"loc":{"start":{"line":55,"column":24},"end":{"line":55,"column":46}},"type":"binary-expr","locations":[{"start":{"line":55,"column":24},"end":{"line":55,"column":41}},{"start":{"line":55,"column":45},"end":{"line":55,"column":46}}],"line":55},"5":{"loc":{"start":{"line":58,"column":8},"end":{"line":61,"column":49}},"type":"if","locations":[{"start":{"line":58,"column":8},"end":{"line":61,"column":49}},{"start":{"line":59,"column":13},"end":{"line":61,"column":49}}],"line":58},"6":{"loc":{"start":{"line":59,"column":13},"end":{"line":61,"column":49}},"type":"if","locations":[{"start":{"line":59,"column":13},"end":{"line":61,"column":49}},{"start":{"line":60,"column":13},"end":{"line":61,"column":49}}],"line":59},"7":{"loc":{"start":{"line":60,"column":13},"end":{"line":61,"column":49}},"type":"if","locations":[{"start":{"line":60,"column":13},"end":{"line":61,"column":49}},{"start":{"line":61,"column":13},"end":{"line":61,"column":49}}],"line":60},"8":{"loc":{"start":{"line":66,"column":8},"end":{"line":77,"column":9}},"type":"if","locations":[{"start":{"line":66,"column":8},"end":{"line":77,"column":9}},{"start":{},"end":{}}],"line":66},"9":{"loc":{"start":{"line":68,"column":10},"end":{"line":70,"column":11}},"type":"if","locations":[{"start":{"line":68,"column":10},"end":{"line":70,"column":11}},{"start":{},"end":{}}],"line":68},"10":{"loc":{"start":{"line":72,"column":10},"end":{"line":76,"column":11}},"type":"if","locations":[{"start":{"line":72,"column":10},"end":{"line":76,"column":11}},{"start":{"line":74,"column":17},"end":{"line":76,"column":11}}],"line":72},"11":{"loc":{"start":{"line":82,"column":8},"end":{"line":90,"column":9}},"type":"if","locations":[{"start":{"line":82,"column":8},"end":{"line":90,"column":9}},{"start":{},"end":{}}],"line":82},"12":{"loc":{"start":{"line":82,"column":12},"end":{"line":82,"column":41}},"type":"binary-expr","locations":[{"start":{"line":82,"column":12},"end":{"line":82,"column":26}},{"start":{"line":82,"column":30},"end":{"line":82,"column":41}}],"line":82},"13":{"loc":{"start":{"line":88,"column":24},"end":{"line":88,"column":58}},"type":"binary-expr","locations":[{"start":{"line":88,"column":24},"end":{"line":88,"column":45}},{"start":{"line":88,"column":49},"end":{"line":88,"column":58}}],"line":88},"14":{"loc":{"start":{"line":148,"column":6},"end":{"line":151,"column":7}},"type":"if","locations":[{"start":{"line":148,"column":6},"end":{"line":151,"column":7}},{"start":{},"end":{}}],"line":148},"15":{"loc":{"start":{"line":152,"column":6},"end":{"line":155,"column":7}},"type":"if","locations":[{"start":{"line":152,"column":6},"end":{"line":155,"column":7}},{"start":{},"end":{}}],"line":152},"16":{"loc":{"start":{"line":156,"column":6},"end":{"line":159,"column":7}},"type":"if","locations":[{"start":{"line":156,"column":6},"end":{"line":159,"column":7}},{"start":{},"end":{}}],"line":156},"17":{"loc":{"start":{"line":160,"column":6},"end":{"line":163,"column":7}},"type":"if","locations":[{"start":{"line":160,"column":6},"end":{"line":163,"column":7}},{"start":{},"end":{}}],"line":160},"18":{"loc":{"start":{"line":166,"column":6},"end":{"line":173,"column":7}},"type":"if","locations":[{"start":{"line":166,"column":6},"end":{"line":173,"column":7}},{"start":{},"end":{}}],"line":166},"19":{"loc":{"start":{"line":168,"column":8},"end":{"line":170,"column":9}},"type":"if","locations":[{"start":{"line":168,"column":8},"end":{"line":170,"column":9}},{"start":{},"end":{}}],"line":168},"20":{"loc":{"start":{"line":172,"column":51},"end":{"line":172,"column":73}},"type":"binary-expr","locations":[{"start":{"line":172,"column":51},"end":{"line":172,"column":68}},{"start":{"line":172,"column":72},"end":{"line":172,"column":73}}],"line":172},"21":{"loc":{"start":{"line":176,"column":27},"end":{"line":176,"column":88}},"type":"cond-expr","locations":[{"start":{"line":176,"column":46},"end":{"line":176,"column":84}},{"start":{"line":176,"column":87},"end":{"line":176,"column":88}}],"line":176},"22":{"loc":{"start":{"line":177,"column":32},"end":{"line":177,"column":96}},"type":"cond-expr","locations":[{"start":{"line":177,"column":52},"end":{"line":177,"column":92}},{"start":{"line":177,"column":95},"end":{"line":177,"column":96}}],"line":177},"23":{"loc":{"start":{"line":178,"column":28},"end":{"line":178,"column":92}},"type":"cond-expr","locations":[{"start":{"line":178,"column":48},"end":{"line":178,"column":88}},{"start":{"line":178,"column":91},"end":{"line":178,"column":92}}],"line":178},"24":{"loc":{"start":{"line":179,"column":30},"end":{"line":179,"column":100}},"type":"cond-expr","locations":[{"start":{"line":179,"column":52},"end":{"line":179,"column":96}},{"start":{"line":179,"column":99},"end":{"line":179,"column":100}}],"line":179}},"s":{"0":1,"1":1,"2":0,"3":0,"4":0,"5":0,"6":0,"7":0,"8":0,"9":0,"10":0,"11":0,"12":0,"13":0,"14":0,"15":0,"16":0,"17":0,"18":0,"19":0,"20":0,"21":0,"22":0,"23":0,"24":0,"25":0,"26":0,"27":0,"28":0,"29":0,"30":0,"31":0,"32":0,"33":0,"34":0,"35":0,"36":0,"37":0,"38":1,"39":0,"40":0,"41":0,"42":0,"43":0,"44":0,"45":1,"46":0,"47":0,"48":0,"49":0,"50":0,"51":0,"52":0,"53":0,"54":0,"55":0,"56":0,"57":0,"58":0,"59":0,"60":0,"61":0,"62":0,"63":0,"64":0,"65":0,"66":0,"67":0,"68":0,"69":0,"70":0,"71":0,"72":0,"73":0,"74":0,"75":0,"76":0,"77":0,"78":0,"79":0,"80":0,"81":0,"82":0,"83":0,"84":0},"f":{"0":0,"1":0,"2":0,"3":0,"4":0,"5":0,"6":0,"7":0,"8":0,"9":0},"b":{"0":[0,0],"1":[0,0],"2":[0,0],"3":[0,0],"4":[0,0],"5":[0,0],"6":[0,0],"7":[0,0],"8":[0,0],"9":[0,0],"10":[0,0],"11":[0,0],"12":[0,0],"13":[0,0],"14":[0,0],"15":[0,0],"16":[0,0],"17":[0,0],"18":[0,0],"19":[0,0],"20":[0,0],"21":[0,0],"22":[0,0],"23":[0,0],"24":[0,0]},"_coverageSchema":"1a1c01bbd47fc00a2c39e90264f33305004495a9","hash":"f106259ea7b96c479383db3f392af1dbfa3b9f43"}
,"D:\\code\\esgproject\\backend\\controllers\\auditController.js": {"path":"D:\\code\\esgproject\\backend\\controllers\\auditController.js","statementMap":{"0":{"start":{"line":3,"column":15},"end":{"line":3,"column":33}},"1":{"start":{"line":6,"column":25},"end":{"line":20,"column":1}},"2":{"start":{"line":7,"column":2},"end":{"line":19,"column":3}},"3":{"start":{"line":8,"column":4},"end":{"line":16,"column":7}},"4":{"start":{"line":18,"column":4},"end":{"line":18,"column":50}},"5":{"start":{"line":23,"column":28},"end":{"line":58,"column":1}},"6":{"start":{"line":24,"column":2},"end":{"line":57,"column":3}},"7":{"start":{"line":25,"column":4},"end":{"line":27,"column":5}},"8":{"start":{"line":26,"column":6},"end":{"line":26,"column":80}},"9":{"start":{"line":29,"column":56},"end":{"line":29,"column":65}},"10":{"start":{"line":31,"column":18},"end":{"line":31,"column":20}},"11":{"start":{"line":32,"column":4},"end":{"line":32,"column":38}},"12":{"start":{"line":32,"column":16},"end":{"line":32,"column":38}},"13":{"start":{"line":33,"column":4},"end":{"line":33,"column":38}},"14":{"start":{"line":33,"column":16},"end":{"line":33,"column":38}},"15":{"start":{"line":35,"column":17},"end":{"line":45,"column":6}},"16":{"start":{"line":47,"column":18},"end":{"line":47,"column":56}},"17":{"start":{"line":49,"column":4},"end":{"line":54,"column":7}},"18":{"start":{"line":56,"column":4},"end":{"line":56,"column":90}},"19":{"start":{"line":61,"column":33},"end":{"line":88,"column":1}},"20":{"start":{"line":62,"column":2},"end":{"line":87,"column":3}},"21":{"start":{"line":63,"column":4},"end":{"line":65,"column":5}},"22":{"start":{"line":64,"column":6},"end":{"line":64,"column":61}},"23":{"start":{"line":67,"column":33},"end":{"line":67,"column":43}},"24":{"start":{"line":68,"column":18},"end":{"line":68,"column":49}},"25":{"start":{"line":70,"column":17},"end":{"line":82,"column":6}},"26":{"start":{"line":84,"column":4},"end":{"line":84,"column":19}},"27":{"start":{"line":86,"column":4},"end":{"line":86,"column":96}},"28":{"start":{"line":91,"column":34},"end":{"line":129,"column":1}},"29":{"start":{"line":92,"column":2},"end":{"line":128,"column":3}},"30":{"start":{"line":93,"column":4},"end":{"line":95,"column":5}},"31":{"start":{"line":94,"column":6},"end":{"line":94,"column":86}},"32":{"start":{"line":97,"column":17},"end":{"line":103,"column":6}},"33":{"start":{"line":105,"column":20},"end":{"line":111,"column":5}},"34":{"start":{"line":113,"column":4},"end":{"line":123,"column":7}},"35":{"start":{"line":115,"column":6},"end":{"line":115,"column":87}},"36":{"start":{"line":118,"column":6},"end":{"line":118,"column":91}},"37":{"start":{"line":121,"column":23},"end":{"line":121,"column":50}},"38":{"start":{"line":122,"column":6},"end":{"line":122,"column":83}},"39":{"start":{"line":125,"column":4},"end":{"line":125,"column":22}},"40":{"start":{"line":127,"column":4},"end":{"line":127,"column":94}}},"fnMap":{"0":{"name":"(anonymous_0)","decl":{"start":{"line":6,"column":25},"end":{"line":6,"column":26}},"loc":{"start":{"line":6,"column":85},"end":{"line":20,"column":1}},"line":6},"1":{"name":"(anonymous_1)","decl":{"start":{"line":23,"column":28},"end":{"line":23,"column":29}},"loc":{"start":{"line":23,"column":48},"end":{"line":58,"column":1}},"line":23},"2":{"name":"(anonymous_2)","decl":{"start":{"line":61,"column":33},"end":{"line":61,"column":34}},"loc":{"start":{"line":61,"column":53},"end":{"line":88,"column":1}},"line":61},"3":{"name":"(anonymous_3)","decl":{"start":{"line":91,"column":34},"end":{"line":91,"column":35}},"loc":{"start":{"line":91,"column":54},"end":{"line":129,"column":1}},"line":91},"4":{"name":"(anonymous_4)","decl":{"start":{"line":113,"column":17},"end":{"line":113,"column":18}},"loc":{"start":{"line":113,"column":24},"end":{"line":123,"column":5}},"line":113}},"branchMap":{"0":{"loc":{"start":{"line":6,"column":66},"end":{"line":6,"column":80}},"type":"default-arg","locations":[{"start":{"line":6,"column":76},"end":{"line":6,"column":80}}],"line":6},"1":{"loc":{"start":{"line":14,"column":17},"end":{"line":14,"column":57}},"type":"cond-expr","locations":[{"start":{"line":14,"column":27},"end":{"line":14,"column":50}},{"start":{"line":14,"column":53},"end":{"line":14,"column":57}}],"line":14},"2":{"loc":{"start":{"line":25,"column":4},"end":{"line":27,"column":5}},"type":"if","locations":[{"start":{"line":25,"column":4},"end":{"line":27,"column":5}},{"start":{},"end":{}}],"line":25},"3":{"loc":{"start":{"line":25,"column":8},"end":{"line":25,"column":46}},"type":"binary-expr","locations":[{"start":{"line":25,"column":8},"end":{"line":25,"column":17}},{"start":{"line":25,"column":21},"end":{"line":25,"column":46}}],"line":25},"4":{"loc":{"start":{"line":29,"column":28},"end":{"line":29,"column":39}},"type":"default-arg","locations":[{"start":{"line":29,"column":36},"end":{"line":29,"column":39}}],"line":29},"5":{"loc":{"start":{"line":29,"column":41},"end":{"line":29,"column":51}},"type":"default-arg","locations":[{"start":{"line":29,"column":50},"end":{"line":29,"column":51}}],"line":29},"6":{"loc":{"start":{"line":32,"column":4},"end":{"line":32,"column":38}},"type":"if","locations":[{"start":{"line":32,"column":4},"end":{"line":32,"column":38}},{"start":{},"end":{}}],"line":32},"7":{"loc":{"start":{"line":33,"column":4},"end":{"line":33,"column":38}},"type":"if","locations":[{"start":{"line":33,"column":4},"end":{"line":33,"column":38}},{"start":{},"end":{}}],"line":33},"8":{"loc":{"start":{"line":63,"column":4},"end":{"line":65,"column":5}},"type":"if","locations":[{"start":{"line":63,"column":4},"end":{"line":65,"column":5}},{"start":{},"end":{}}],"line":63},"9":{"loc":{"start":{"line":68,"column":18},"end":{"line":68,"column":49}},"type":"binary-expr","locations":[{"start":{"line":68,"column":18},"end":{"line":68,"column":43}},{"start":{"line":68,"column":47},"end":{"line":68,"column":49}}],"line":68},"10":{"loc":{"start":{"line":93,"column":4},"end":{"line":95,"column":5}},"type":"if","locations":[{"start":{"line":93,"column":4},"end":{"line":95,"column":5}},{"start":{},"end":{}}],"line":93},"11":{"loc":{"start":{"line":93,"column":8},"end":{"line":93,"column":46}},"type":"binary-expr","locations":[{"start":{"line":93,"column":8},"end":{"line":93,"column":17}},{"start":{"line":93,"column":21},"end":{"line":93,"column":46}}],"line":93},"12":{"loc":{"start":{"line":115,"column":43},"end":{"line":115,"column":81}},"type":"binary-expr","locations":[{"start":{"line":115,"column":43},"end":{"line":115,"column":76}},{"start":{"line":115,"column":80},"end":{"line":115,"column":81}}],"line":115},"13":{"loc":{"start":{"line":118,"column":45},"end":{"line":118,"column":85}},"type":"binary-expr","locations":[{"start":{"line":118,"column":45},"end":{"line":118,"column":80}},{"start":{"line":118,"column":84},"end":{"line":118,"column":85}}],"line":118},"14":{"loc":{"start":{"line":121,"column":23},"end":{"line":121,"column":50}},"type":"binary-expr","locations":[{"start":{"line":121,"column":23},"end":{"line":121,"column":37}},{"start":{"line":121,"column":41},"end":{"line":121,"column":50}}],"line":121},"15":{"loc":{"start":{"line":122,"column":41},"end":{"line":122,"column":77}},"type":"binary-expr","locations":[{"start":{"line":122,"column":41},"end":{"line":122,"column":72}},{"start":{"line":122,"column":76},"end":{"line":122,"column":77}}],"line":122}},"s":{"0":1,"1":1,"2":0,"3":0,"4":0,"5":1,"6":0,"7":0,"8":0,"9":0,"10":0,"11":0,"12":0,"13":0,"14":0,"15":0,"16":0,"17":0,"18":0,"19":1,"20":0,"21":0,"22":0,"23":0,"24":0,"25":0,"26":0,"27":0,"28":1,"29":0,"30":0,"31":0,"32":0,"33":0,"34":0,"35":0,"36":0,"37":0,"38":0,"39":0,"40":0},"f":{"0":0,"1":0,"2":0,"3":0,"4":0},"b":{"0":[0],"1":[0,0],"2":[0,0],"3":[0,0],"4":[0],"5":[0],"6":[0,0],"7":[0,0],"8":[0,0],"9":[0,0],"10":[0,0],"11":[0,0],"12":[0,0],"13":[0,0],"14":[0,0],"15":[0,0]},"_coverageSchema":"1a1c01bbd47fc00a2c39e90264f33305004495a9","hash":"1447985f89a16746a1c41a15aa8e571af4f6ade6"}
,"D:\\code\\esgproject\\backend\\controllers\\authController.js": {"path":"D:\\code\\esgproject\\backend\\controllers\\authController.js","statementMap":{"0":{"start":{"line":8,"column":22},"end":{"line":8,"column":40}},"1":{"start":{"line":10,"column":19},"end":{"line":10,"column":83}},"2":{"start":{"line":11,"column":19},"end":{"line":11,"column":23}},"3":{"start":{"line":13,"column":26},"end":{"line":13,"column":54}},"4":{"start":{"line":14,"column":28},"end":{"line":14,"column":61}},"5":{"start":{"line":14,"column":39},"end":{"line":14,"column":61}},"6":{"start":{"line":15,"column":27},"end":{"line":15,"column":63}},"7":{"start":{"line":15,"column":38},"end":{"line":15,"column":63}},"8":{"start":{"line":17,"column":33},"end":{"line":54,"column":1}},"9":{"start":{"line":18,"column":2},"end":{"line":18,"column":41}},"10":{"start":{"line":18,"column":28},"end":{"line":18,"column":41}},"11":{"start":{"line":20,"column":2},"end":{"line":22,"column":3}},"12":{"start":{"line":21,"column":4},"end":{"line":21,"column":16}},"13":{"start":{"line":24,"column":17},"end":{"line":24,"column":50}},"14":{"start":{"line":26,"column":2},"end":{"line":33,"column":3}},"15":{"start":{"line":27,"column":15},"end":{"line":27,"column":42}},"16":{"start":{"line":28,"column":4},"end":{"line":30,"column":5}},"17":{"start":{"line":29,"column":6},"end":{"line":29,"column":18}},"18":{"start":{"line":35,"column":2},"end":{"line":42,"column":3}},"19":{"start":{"line":36,"column":14},"end":{"line":36,"column":40}},"20":{"start":{"line":37,"column":4},"end":{"line":39,"column":5}},"21":{"start":{"line":38,"column":6},"end":{"line":38,"column":18}},"22":{"start":{"line":44,"column":2},"end":{"line":51,"column":3}},"23":{"start":{"line":45,"column":17},"end":{"line":45,"column":43}},"24":{"start":{"line":46,"column":4},"end":{"line":48,"column":5}},"25":{"start":{"line":47,"column":6},"end":{"line":47,"column":18}},"26":{"start":{"line":53,"column":2},"end":{"line":53,"column":15}},"27":{"start":{"line":56,"column":35},"end":{"line":115,"column":1}},"28":{"start":{"line":57,"column":2},"end":{"line":57,"column":41}},"29":{"start":{"line":57,"column":28},"end":{"line":57,"column":41}},"30":{"start":{"line":59,"column":17},"end":{"line":59,"column":50}},"31":{"start":{"line":61,"column":20},"end":{"line":61,"column":63}},"32":{"start":{"line":61,"column":60},"end":{"line":61,"column":62}},"33":{"start":{"line":62,"column":2},"end":{"line":64,"column":3}},"34":{"start":{"line":63,"column":4},"end":{"line":63,"column":17}},"35":{"start":{"line":67,"column":2},"end":{"line":67,"column":52}},"36":{"start":{"line":67,"column":27},"end":{"line":67,"column":50}},"37":{"start":{"line":69,"column":2},"end":{"line":112,"column":3}},"38":{"start":{"line":70,"column":4},"end":{"line":111,"column":5}},"39":{"start":{"line":71,"column":21},"end":{"line":71,"column":49}},"40":{"start":{"line":72,"column":6},"end":{"line":72,"column":33}},"41":{"start":{"line":74,"column":23},"end":{"line":86,"column":8}},"42":{"start":{"line":74,"column":29},"end":{"line":86,"column":8}},"43":{"start":{"line":75,"column":19},"end":{"line":75,"column":21}},"44":{"start":{"line":76,"column":23},"end":{"line":82,"column":9}},"45":{"start":{"line":77,"column":10},"end":{"line":77,"column":35}},"46":{"start":{"line":78,"column":10},"end":{"line":81,"column":11}},"47":{"start":{"line":79,"column":12},"end":{"line":79,"column":50}},"48":{"start":{"line":80,"column":12},"end":{"line":80,"column":26}},"49":{"start":{"line":83,"column":8},"end":{"line":83,"column":34}},"50":{"start":{"line":84,"column":8},"end":{"line":84,"column":37}},"51":{"start":{"line":85,"column":8},"end":{"line":85,"column":67}},"52":{"start":{"line":85,"column":37},"end":{"line":85,"column":65}},"53":{"start":{"line":88,"column":19},"end":{"line":93,"column":8}},"54":{"start":{"line":88,"column":28},"end":{"line":93,"column":8}},"55":{"start":{"line":89,"column":8},"end":{"line":92,"column":11}},"56":{"start":{"line":90,"column":10},"end":{"line":91,"column":25}},"57":{"start":{"line":90,"column":19},"end":{"line":90,"column":31}},"58":{"start":{"line":91,"column":15},"end":{"line":91,"column":25}},"59":{"start":{"line":95,"column":6},"end":{"line":95,"column":23}},"60":{"start":{"line":96,"column":6},"end":{"line":96,"column":35}},"61":{"start":{"line":97,"column":6},"end":{"line":97,"column":23}},"62":{"start":{"line":98,"column":6},"end":{"line":98,"column":49}},"63":{"start":{"line":99,"column":6},"end":{"line":99,"column":23}},"64":{"start":{"line":100,"column":6},"end":{"line":100,"column":39}},"65":{"start":{"line":101,"column":27},"end":{"line":101,"column":43}},"66":{"start":{"line":103,"column":6},"end":{"line":103,"column":25}},"67":{"start":{"line":104,"column":6},"end":{"line":104,"column":19}},"68":{"start":{"line":106,"column":6},"end":{"line":108,"column":7}},"69":{"start":{"line":107,"column":8},"end":{"line":107,"column":20}},"70":{"start":{"line":110,"column":6},"end":{"line":110,"column":15}},"71":{"start":{"line":114,"column":2},"end":{"line":114,"column":15}},"72":{"start":{"line":117,"column":34},"end":{"line":133,"column":1}},"73":{"start":{"line":118,"column":2},"end":{"line":118,"column":41}},"74":{"start":{"line":118,"column":28},"end":{"line":118,"column":41}},"75":{"start":{"line":120,"column":19},"end":{"line":120,"column":49}},"76":{"start":{"line":121,"column":2},"end":{"line":121,"column":30}},"77":{"start":{"line":121,"column":17},"end":{"line":121,"column":30}},"78":{"start":{"line":123,"column":2},"end":{"line":125,"column":3}},"79":{"start":{"line":124,"column":4},"end":{"line":124,"column":16}},"80":{"start":{"line":127,"column":20},"end":{"line":127,"column":61}},"81":{"start":{"line":128,"column":2},"end":{"line":130,"column":3}},"82":{"start":{"line":129,"column":4},"end":{"line":129,"column":44}},"83":{"start":{"line":132,"column":2},"end":{"line":132,"column":14}},"84":{"start":{"line":136,"column":28},"end":{"line":139,"column":1}},"85":{"start":{"line":137,"column":15},"end":{"line":137,"column":39}},"86":{"start":{"line":138,"column":2},"end":{"line":138,"column":37}},"87":{"start":{"line":142,"column":31},"end":{"line":144,"column":1}},"88":{"start":{"line":143,"column":2},"end":{"line":143,"column":50}},"89":{"start":{"line":147,"column":29},"end":{"line":149,"column":1}},"90":{"start":{"line":148,"column":2},"end":{"line":148,"column":69}},"91":{"start":{"line":151,"column":30},"end":{"line":194,"column":1}},"92":{"start":{"line":152,"column":2},"end":{"line":193,"column":3}},"93":{"start":{"line":153,"column":38},"end":{"line":153,"column":46}},"94":{"start":{"line":155,"column":4},"end":{"line":157,"column":5}},"95":{"start":{"line":156,"column":6},"end":{"line":156,"column":86}},"96":{"start":{"line":159,"column":4},"end":{"line":161,"column":5}},"97":{"start":{"line":160,"column":6},"end":{"line":160,"column":69}},"98":{"start":{"line":163,"column":4},"end":{"line":165,"column":5}},"99":{"start":{"line":164,"column":6},"end":{"line":164,"column":103}},"100":{"start":{"line":167,"column":22},"end":{"line":167,"column":53}},"101":{"start":{"line":168,"column":4},"end":{"line":170,"column":5}},"102":{"start":{"line":169,"column":6},"end":{"line":169,"column":77}},"103":{"start":{"line":172,"column":25},"end":{"line":172,"column":75}},"104":{"start":{"line":173,"column":4},"end":{"line":175,"column":5}},"105":{"start":{"line":174,"column":6},"end":{"line":174,"column":84}},"106":{"start":{"line":177,"column":27},"end":{"line":177,"column":55}},"107":{"start":{"line":179,"column":17},"end":{"line":188,"column":6}},"108":{"start":{"line":190,"column":4},"end":{"line":190,"column":143}},"109":{"start":{"line":192,"column":4},"end":{"line":192,"column":94}},"110":{"start":{"line":197,"column":26},"end":{"line":242,"column":1}},"111":{"start":{"line":198,"column":2},"end":{"line":241,"column":3}},"112":{"start":{"line":199,"column":4},"end":{"line":201,"column":5}},"113":{"start":{"line":200,"column":6},"end":{"line":200,"column":85}},"114":{"start":{"line":203,"column":44},"end":{"line":203,"column":52}},"115":{"start":{"line":204,"column":4},"end":{"line":206,"column":5}},"116":{"start":{"line":205,"column":6},"end":{"line":205,"column":86}},"117":{"start":{"line":208,"column":4},"end":{"line":210,"column":5}},"118":{"start":{"line":209,"column":6},"end":{"line":209,"column":87}},"119":{"start":{"line":212,"column":22},"end":{"line":212,"column":53}},"120":{"start":{"line":213,"column":4},"end":{"line":215,"column":5}},"121":{"start":{"line":214,"column":6},"end":{"line":214,"column":77}},"122":{"start":{"line":217,"column":23},"end":{"line":217,"column":52}},"123":{"start":{"line":218,"column":21},"end":{"line":218,"column":72}},"124":{"start":{"line":220,"column":25},"end":{"line":220,"column":75}},"125":{"start":{"line":221,"column":4},"end":{"line":223,"column":5}},"126":{"start":{"line":222,"column":6},"end":{"line":222,"column":84}},"127":{"start":{"line":225,"column":27},"end":{"line":225,"column":55}},"128":{"start":{"line":227,"column":17},"end":{"line":236,"column":6}},"129":{"start":{"line":238,"column":4},"end":{"line":238,"column":76}},"130":{"start":{"line":240,"column":4},"end":{"line":240,"column":92}},"131":{"start":{"line":244,"column":24},"end":{"line":304,"column":1}},"132":{"start":{"line":245,"column":2},"end":{"line":303,"column":3}},"133":{"start":{"line":247,"column":4},"end":{"line":249,"column":5}},"134":{"start":{"line":248,"column":6},"end":{"line":248,"column":91}},"135":{"start":{"line":251,"column":44},"end":{"line":251,"column":52}},"136":{"start":{"line":253,"column":4},"end":{"line":255,"column":5}},"137":{"start":{"line":254,"column":6},"end":{"line":254,"column":87}},"138":{"start":{"line":257,"column":4},"end":{"line":259,"column":5}},"139":{"start":{"line":258,"column":6},"end":{"line":258,"column":87}},"140":{"start":{"line":261,"column":22},"end":{"line":261,"column":53}},"141":{"start":{"line":262,"column":4},"end":{"line":264,"column":5}},"142":{"start":{"line":263,"column":6},"end":{"line":263,"column":77}},"143":{"start":{"line":266,"column":23},"end":{"line":266,"column":52}},"144":{"start":{"line":267,"column":21},"end":{"line":267,"column":72}},"145":{"start":{"line":270,"column":25},"end":{"line":272,"column":6}},"146":{"start":{"line":274,"column":4},"end":{"line":276,"column":5}},"147":{"start":{"line":275,"column":6},"end":{"line":275,"column":84}},"148":{"start":{"line":279,"column":27},"end":{"line":279,"column":55}},"149":{"start":{"line":282,"column":17},"end":{"line":295,"column":6}},"150":{"start":{"line":297,"column":4},"end":{"line":300,"column":7}},"151":{"start":{"line":302,"column":4},"end":{"line":302,"column":87}},"152":{"start":{"line":307,"column":21},"end":{"line":351,"column":1}},"153":{"start":{"line":308,"column":2},"end":{"line":350,"column":3}},"154":{"start":{"line":309,"column":32},"end":{"line":309,"column":40}},"155":{"start":{"line":311,"column":4},"end":{"line":313,"column":5}},"156":{"start":{"line":312,"column":6},"end":{"line":312,"column":80}},"157":{"start":{"line":316,"column":17},"end":{"line":318,"column":6}},"158":{"start":{"line":320,"column":4},"end":{"line":322,"column":5}},"159":{"start":{"line":321,"column":6},"end":{"line":321,"column":74}},"160":{"start":{"line":324,"column":4},"end":{"line":326,"column":5}},"161":{"start":{"line":325,"column":6},"end":{"line":325,"column":73}},"162":{"start":{"line":329,"column":26},"end":{"line":329,"column":72}},"163":{"start":{"line":331,"column":4},"end":{"line":333,"column":5}},"164":{"start":{"line":332,"column":6},"end":{"line":332,"column":74}},"165":{"start":{"line":336,"column":18},"end":{"line":336,"column":40}},"166":{"start":{"line":338,"column":4},"end":{"line":347,"column":7}},"167":{"start":{"line":349,"column":4},"end":{"line":349,"column":79}},"168":{"start":{"line":354,"column":30},"end":{"line":377,"column":1}},"169":{"start":{"line":355,"column":2},"end":{"line":376,"column":3}},"170":{"start":{"line":356,"column":19},"end":{"line":356,"column":29}},"171":{"start":{"line":358,"column":17},"end":{"line":367,"column":6}},"172":{"start":{"line":369,"column":4},"end":{"line":371,"column":5}},"173":{"start":{"line":370,"column":6},"end":{"line":370,"column":63}},"174":{"start":{"line":373,"column":4},"end":{"line":373,"column":19}},"175":{"start":{"line":375,"column":4},"end":{"line":375,"column":82}},"176":{"start":{"line":380,"column":27},"end":{"line":401,"column":1}},"177":{"start":{"line":381,"column":2},"end":{"line":400,"column":3}},"178":{"start":{"line":382,"column":4},"end":{"line":384,"column":5}},"179":{"start":{"line":383,"column":6},"end":{"line":383,"column":87}},"180":{"start":{"line":386,"column":18},"end":{"line":395,"column":6}},"181":{"start":{"line":397,"column":4},"end":{"line":397,"column":20}},"182":{"start":{"line":399,"column":4},"end":{"line":399,"column":83}},"183":{"start":{"line":403,"column":26},"end":{"line":428,"column":1}},"184":{"start":{"line":404,"column":2},"end":{"line":427,"column":3}},"185":{"start":{"line":405,"column":18},"end":{"line":405,"column":33}},"186":{"start":{"line":406,"column":4},"end":{"line":408,"column":5}},"187":{"start":{"line":407,"column":6},"end":{"line":407,"column":81}},"188":{"start":{"line":410,"column":4},"end":{"line":412,"column":5}},"189":{"start":{"line":411,"column":6},"end":{"line":411,"column":68}},"190":{"start":{"line":414,"column":4},"end":{"line":416,"column":5}},"191":{"start":{"line":415,"column":6},"end":{"line":415,"column":102}},"192":{"start":{"line":418,"column":22},"end":{"line":418,"column":53}},"193":{"start":{"line":419,"column":4},"end":{"line":421,"column":5}},"194":{"start":{"line":420,"column":6},"end":{"line":420,"column":77}},"195":{"start":{"line":423,"column":25},"end":{"line":423,"column":75}},"196":{"start":{"line":424,"column":4},"end":{"line":424,"column":63}},"197":{"start":{"line":426,"column":4},"end":{"line":426,"column":93}},"198":{"start":{"line":431,"column":30},"end":{"line":460,"column":1}},"199":{"start":{"line":432,"column":2},"end":{"line":459,"column":3}},"200":{"start":{"line":433,"column":4},"end":{"line":435,"column":5}},"201":{"start":{"line":434,"column":6},"end":{"line":434,"column":90}},"202":{"start":{"line":437,"column":19},"end":{"line":437,"column":29}},"203":{"start":{"line":438,"column":21},"end":{"line":438,"column":29}},"204":{"start":{"line":440,"column":23},"end":{"line":440,"column":52}},"205":{"start":{"line":441,"column":4},"end":{"line":443,"column":5}},"206":{"start":{"line":442,"column":6},"end":{"line":442,"column":103}},"207":{"start":{"line":445,"column":17},"end":{"line":454,"column":6}},"208":{"start":{"line":456,"column":4},"end":{"line":456,"column":53}},"209":{"start":{"line":458,"column":4},"end":{"line":458,"column":85}},"210":{"start":{"line":463,"column":30},"end":{"line":491,"column":1}},"211":{"start":{"line":464,"column":2},"end":{"line":490,"column":3}},"212":{"start":{"line":465,"column":4},"end":{"line":467,"column":5}},"213":{"start":{"line":466,"column":6},"end":{"line":466,"column":89}},"214":{"start":{"line":469,"column":19},"end":{"line":469,"column":29}},"215":{"start":{"line":472,"column":4},"end":{"line":474,"column":5}},"216":{"start":{"line":473,"column":6},"end":{"line":473,"column":87}},"217":{"start":{"line":476,"column":17},"end":{"line":485,"column":6}},"218":{"start":{"line":487,"column":4},"end":{"line":487,"column":52}},"219":{"start":{"line":489,"column":4},"end":{"line":489,"column":89}},"220":{"start":{"line":494,"column":26},"end":{"line":512,"column":1}},"221":{"start":{"line":495,"column":2},"end":{"line":511,"column":3}},"222":{"start":{"line":496,"column":4},"end":{"line":498,"column":5}},"223":{"start":{"line":497,"column":6},"end":{"line":497,"column":85}},"224":{"start":{"line":500,"column":19},"end":{"line":500,"column":29}},"225":{"start":{"line":502,"column":4},"end":{"line":504,"column":5}},"226":{"start":{"line":503,"column":6},"end":{"line":503,"column":83}},"227":{"start":{"line":506,"column":4},"end":{"line":506,"column":62}},"228":{"start":{"line":508,"column":4},"end":{"line":508,"column":42}},"229":{"start":{"line":510,"column":4},"end":{"line":510,"column":85}},"230":{"start":{"line":515,"column":36},"end":{"line":568,"column":1}},"231":{"start":{"line":516,"column":2},"end":{"line":567,"column":3}},"232":{"start":{"line":517,"column":22},"end":{"line":517,"column":30}},"233":{"start":{"line":519,"column":4},"end":{"line":521,"column":5}},"234":{"start":{"line":520,"column":6},"end":{"line":520,"column":66}},"235":{"start":{"line":523,"column":4},"end":{"line":525,"column":5}},"236":{"start":{"line":524,"column":6},"end":{"line":524,"column":69}},"237":{"start":{"line":528,"column":17},"end":{"line":528,"column":67}},"238":{"start":{"line":530,"column":4},"end":{"line":536,"column":5}},"239":{"start":{"line":532,"column":6},"end":{"line":535,"column":9}},"240":{"start":{"line":539,"column":22},"end":{"line":539,"column":76}},"241":{"start":{"line":540,"column":28},"end":{"line":540,"column":65}},"242":{"start":{"line":543,"column":4},"end":{"line":549,"column":7}},"243":{"start":{"line":552,"column":22},"end":{"line":552,"column":68}},"244":{"start":{"line":556,"column":18},"end":{"line":556,"column":55}},"245":{"start":{"line":557,"column":4},"end":{"line":563,"column":7}},"246":{"start":{"line":565,"column":4},"end":{"line":565,"column":56}},"247":{"start":{"line":566,"column":4},"end":{"line":566,"column":96}},"248":{"start":{"line":571,"column":29},"end":{"line":616,"column":1}},"249":{"start":{"line":572,"column":2},"end":{"line":615,"column":3}},"250":{"start":{"line":573,"column":46},"end":{"line":573,"column":54}},"251":{"start":{"line":575,"column":4},"end":{"line":577,"column":5}},"252":{"start":{"line":576,"column":6},"end":{"line":576,"column":97}},"253":{"start":{"line":579,"column":4},"end":{"line":581,"column":5}},"254":{"start":{"line":580,"column":6},"end":{"line":580,"column":92}},"255":{"start":{"line":583,"column":17},"end":{"line":583,"column":67}},"256":{"start":{"line":585,"column":4},"end":{"line":587,"column":5}},"257":{"start":{"line":586,"column":6},"end":{"line":586,"column":63}},"258":{"start":{"line":590,"column":4},"end":{"line":592,"column":5}},"259":{"start":{"line":591,"column":6},"end":{"line":591,"column":78}},"260":{"start":{"line":594,"column":4},"end":{"line":596,"column":5}},"261":{"start":{"line":595,"column":6},"end":{"line":595,"column":71}},"262":{"start":{"line":599,"column":27},"end":{"line":599,"column":61}},"263":{"start":{"line":602,"column":4},"end":{"line":609,"column":7}},"264":{"start":{"line":611,"column":4},"end":{"line":611,"column":96}},"265":{"start":{"line":613,"column":4},"end":{"line":613,"column":49}},"266":{"start":{"line":614,"column":4},"end":{"line":614,"column":88}}},"fnMap":{"0":{"name":"(anonymous_0)","decl":{"start":{"line":14,"column":28},"end":{"line":14,"column":29}},"loc":{"start":{"line":14,"column":39},"end":{"line":14,"column":61}},"line":14},"1":{"name":"(anonymous_1)","decl":{"start":{"line":15,"column":27},"end":{"line":15,"column":28}},"loc":{"start":{"line":15,"column":38},"end":{"line":15,"column":63}},"line":15},"2":{"name":"(anonymous_2)","decl":{"start":{"line":17,"column":33},"end":{"line":17,"column":34}},"loc":{"start":{"line":17,"column":50},"end":{"line":54,"column":1}},"line":17},"3":{"name":"(anonymous_3)","decl":{"start":{"line":56,"column":35},"end":{"line":56,"column":36}},"loc":{"start":{"line":56,"column":68},"end":{"line":115,"column":1}},"line":56},"4":{"name":"(anonymous_4)","decl":{"start":{"line":61,"column":54},"end":{"line":61,"column":55}},"loc":{"start":{"line":61,"column":60},"end":{"line":61,"column":62}},"line":61},"5":{"name":"(anonymous_5)","decl":{"start":{"line":67,"column":17},"end":{"line":67,"column":18}},"loc":{"start":{"line":67,"column":27},"end":{"line":67,"column":50}},"line":67},"6":{"name":"(anonymous_6)","decl":{"start":{"line":74,"column":23},"end":{"line":74,"column":24}},"loc":{"start":{"line":74,"column":29},"end":{"line":86,"column":8}},"line":74},"7":{"name":"(anonymous_7)","decl":{"start":{"line":74,"column":41},"end":{"line":74,"column":42}},"loc":{"start":{"line":74,"column":62},"end":{"line":86,"column":7}},"line":74},"8":{"name":"(anonymous_8)","decl":{"start":{"line":76,"column":23},"end":{"line":76,"column":24}},"loc":{"start":{"line":76,"column":34},"end":{"line":82,"column":9}},"line":76},"9":{"name":"(anonymous_9)","decl":{"start":{"line":85,"column":31},"end":{"line":85,"column":32}},"loc":{"start":{"line":85,"column":37},"end":{"line":85,"column":65}},"line":85},"10":{"name":"(anonymous_10)","decl":{"start":{"line":88,"column":19},"end":{"line":88,"column":20}},"loc":{"start":{"line":88,"column":28},"end":{"line":93,"column":8}},"line":88},"11":{"name":"(anonymous_11)","decl":{"start":{"line":88,"column":40},"end":{"line":88,"column":41}},"loc":{"start":{"line":88,"column":61},"end":{"line":93,"column":7}},"line":88},"12":{"name":"(anonymous_12)","decl":{"start":{"line":89,"column":35},"end":{"line":89,"column":36}},"loc":{"start":{"line":89,"column":44},"end":{"line":92,"column":9}},"line":89},"13":{"name":"(anonymous_13)","decl":{"start":{"line":117,"column":34},"end":{"line":117,"column":35}},"loc":{"start":{"line":117,"column":51},"end":{"line":133,"column":1}},"line":117},"14":{"name":"(anonymous_14)","decl":{"start":{"line":136,"column":28},"end":{"line":136,"column":29}},"loc":{"start":{"line":136,"column":48},"end":{"line":139,"column":1}},"line":136},"15":{"name":"(anonymous_15)","decl":{"start":{"line":142,"column":31},"end":{"line":142,"column":32}},"loc":{"start":{"line":142,"column":67},"end":{"line":144,"column":1}},"line":142},"16":{"name":"(anonymous_16)","decl":{"start":{"line":147,"column":29},"end":{"line":147,"column":30}},"loc":{"start":{"line":147,"column":41},"end":{"line":149,"column":1}},"line":147},"17":{"name":"(anonymous_17)","decl":{"start":{"line":151,"column":30},"end":{"line":151,"column":31}},"loc":{"start":{"line":151,"column":50},"end":{"line":194,"column":1}},"line":151},"18":{"name":"(anonymous_18)","decl":{"start":{"line":197,"column":26},"end":{"line":197,"column":27}},"loc":{"start":{"line":197,"column":46},"end":{"line":242,"column":1}},"line":197},"19":{"name":"(anonymous_19)","decl":{"start":{"line":244,"column":24},"end":{"line":244,"column":25}},"loc":{"start":{"line":244,"column":44},"end":{"line":304,"column":1}},"line":244},"20":{"name":"(anonymous_20)","decl":{"start":{"line":307,"column":21},"end":{"line":307,"column":22}},"loc":{"start":{"line":307,"column":41},"end":{"line":351,"column":1}},"line":307},"21":{"name":"(anonymous_21)","decl":{"start":{"line":354,"column":30},"end":{"line":354,"column":31}},"loc":{"start":{"line":354,"column":50},"end":{"line":377,"column":1}},"line":354},"22":{"name":"(anonymous_22)","decl":{"start":{"line":380,"column":27},"end":{"line":380,"column":28}},"loc":{"start":{"line":380,"column":47},"end":{"line":401,"column":1}},"line":380},"23":{"name":"(anonymous_23)","decl":{"start":{"line":403,"column":26},"end":{"line":403,"column":27}},"loc":{"start":{"line":403,"column":46},"end":{"line":428,"column":1}},"line":403},"24":{"name":"(anonymous_24)","decl":{"start":{"line":431,"column":30},"end":{"line":431,"column":31}},"loc":{"start":{"line":431,"column":50},"end":{"line":460,"column":1}},"line":431},"25":{"name":"(anonymous_25)","decl":{"start":{"line":463,"column":30},"end":{"line":463,"column":31}},"loc":{"start":{"line":463,"column":50},"end":{"line":491,"column":1}},"line":463},"26":{"name":"(anonymous_26)","decl":{"start":{"line":494,"column":26},"end":{"line":494,"column":27}},"loc":{"start":{"line":494,"column":46},"end":{"line":512,"column":1}},"line":494},"27":{"name":"(anonymous_27)","decl":{"start":{"line":515,"column":36},"end":{"line":515,"column":37}},"loc":{"start":{"line":515,"column":56},"end":{"line":568,"column":1}},"line":515},"28":{"name":"(anonymous_28)","decl":{"start":{"line":571,"column":29},"end":{"line":571,"column":30}},"loc":{"start":{"line":571,"column":49},"end":{"line":616,"column":1}},"line":571}},"branchMap":{"0":{"loc":{"start":{"line":10,"column":19},"end":{"line":10,"column":83}},"type":"binary-expr","locations":[{"start":{"line":10,"column":19},"end":{"line":10,"column":41}},{"start":{"line":10,"column":45},"end":{"line":10,"column":83}}],"line":10},"1":{"loc":{"start":{"line":18,"column":2},"end":{"line":18,"column":41}},"type":"if","locations":[{"start":{"line":18,"column":2},"end":{"line":18,"column":41}},{"start":{},"end":{}}],"line":18},"2":{"loc":{"start":{"line":20,"column":2},"end":{"line":22,"column":3}},"type":"if","locations":[{"start":{"line":20,"column":2},"end":{"line":22,"column":3}},{"start":{},"end":{}}],"line":20},"3":{"loc":{"start":{"line":28,"column":4},"end":{"line":30,"column":5}},"type":"if","locations":[{"start":{"line":28,"column":4},"end":{"line":30,"column":5}},{"start":{},"end":{}}],"line":28},"4":{"loc":{"start":{"line":28,"column":8},"end":{"line":28,"column":27}},"type":"binary-expr","locations":[{"start":{"line":28,"column":8},"end":{"line":28,"column":10}},{"start":{"line":28,"column":14},"end":{"line":28,"column":27}}],"line":28},"5":{"loc":{"start":{"line":37,"column":4},"end":{"line":39,"column":5}},"type":"if","locations":[{"start":{"line":37,"column":4},"end":{"line":39,"column":5}},{"start":{},"end":{}}],"line":37},"6":{"loc":{"start":{"line":37,"column":8},"end":{"line":37,"column":25}},"type":"binary-expr","locations":[{"start":{"line":37,"column":8},"end":{"line":37,"column":9}},{"start":{"line":37,"column":13},"end":{"line":37,"column":25}}],"line":37},"7":{"loc":{"start":{"line":46,"column":4},"end":{"line":48,"column":5}},"type":"if","locations":[{"start":{"line":46,"column":4},"end":{"line":48,"column":5}},{"start":{},"end":{}}],"line":46},"8":{"loc":{"start":{"line":46,"column":8},"end":{"line":46,"column":31}},"type":"binary-expr","locations":[{"start":{"line":46,"column":8},"end":{"line":46,"column":12}},{"start":{"line":46,"column":16},"end":{"line":46,"column":31}}],"line":46},"9":{"loc":{"start":{"line":56,"column":49},"end":{"line":56,"column":63}},"type":"default-arg","locations":[{"start":{"line":56,"column":59},"end":{"line":56,"column":63}}],"line":56},"10":{"loc":{"start":{"line":57,"column":2},"end":{"line":57,"column":41}},"type":"if","locations":[{"start":{"line":57,"column":2},"end":{"line":57,"column":41}},{"start":{},"end":{}}],"line":57},"11":{"loc":{"start":{"line":62,"column":2},"end":{"line":64,"column":3}},"type":"if","locations":[{"start":{"line":62,"column":2},"end":{"line":64,"column":3}},{"start":{},"end":{}}],"line":62},"12":{"loc":{"start":{"line":62,"column":6},"end":{"line":62,"column":42}},"type":"binary-expr","locations":[{"start":{"line":62,"column":6},"end":{"line":62,"column":16}},{"start":{"line":62,"column":20},"end":{"line":62,"column":42}}],"line":62},"13":{"loc":{"start":{"line":78,"column":10},"end":{"line":81,"column":11}},"type":"if","locations":[{"start":{"line":78,"column":10},"end":{"line":81,"column":11}},{"start":{},"end":{}}],"line":78},"14":{"loc":{"start":{"line":90,"column":10},"end":{"line":91,"column":25}},"type":"if","locations":[{"start":{"line":90,"column":10},"end":{"line":91,"column":25}},{"start":{"line":91,"column":15},"end":{"line":91,"column":25}}],"line":90},"15":{"loc":{"start":{"line":106,"column":6},"end":{"line":108,"column":7}},"type":"if","locations":[{"start":{"line":106,"column":6},"end":{"line":108,"column":7}},{"start":{},"end":{}}],"line":106},"16":{"loc":{"start":{"line":106,"column":10},"end":{"line":106,"column":74}},"type":"binary-expr","locations":[{"start":{"line":106,"column":10},"end":{"line":106,"column":39}},{"start":{"line":106,"column":43},"end":{"line":106,"column":74}}],"line":106},"17":{"loc":{"start":{"line":118,"column":2},"end":{"line":118,"column":41}},"type":"if","locations":[{"start":{"line":118,"column":2},"end":{"line":118,"column":41}},{"start":{},"end":{}}],"line":118},"18":{"loc":{"start":{"line":121,"column":2},"end":{"line":121,"column":30}},"type":"if","locations":[{"start":{"line":121,"column":2},"end":{"line":121,"column":30}},{"start":{},"end":{}}],"line":121},"19":{"loc":{"start":{"line":123,"column":2},"end":{"line":125,"column":3}},"type":"if","locations":[{"start":{"line":123,"column":2},"end":{"line":125,"column":3}},{"start":{},"end":{}}],"line":123},"20":{"loc":{"start":{"line":128,"column":2},"end":{"line":130,"column":3}},"type":"if","locations":[{"start":{"line":128,"column":2},"end":{"line":130,"column":3}},{"start":{},"end":{}}],"line":128},"21":{"loc":{"start":{"line":155,"column":4},"end":{"line":157,"column":5}},"type":"if","locations":[{"start":{"line":155,"column":4},"end":{"line":157,"column":5}},{"start":{},"end":{}}],"line":155},"22":{"loc":{"start":{"line":155,"column":8},"end":{"line":155,"column":36}},"type":"binary-expr","locations":[{"start":{"line":155,"column":8},"end":{"line":155,"column":14}},{"start":{"line":155,"column":18},"end":{"line":155,"column":27}},{"start":{"line":155,"column":31},"end":{"line":155,"column":36}}],"line":155},"23":{"loc":{"start":{"line":159,"column":4},"end":{"line":161,"column":5}},"type":"if","locations":[{"start":{"line":159,"column":4},"end":{"line":161,"column":5}},{"start":{},"end":{}}],"line":159},"24":{"loc":{"start":{"line":163,"column":4},"end":{"line":165,"column":5}},"type":"if","locations":[{"start":{"line":163,"column":4},"end":{"line":165,"column":5}},{"start":{},"end":{}}],"line":163},"25":{"loc":{"start":{"line":168,"column":4},"end":{"line":170,"column":5}},"type":"if","locations":[{"start":{"line":168,"column":4},"end":{"line":170,"column":5}},{"start":{},"end":{}}],"line":168},"26":{"loc":{"start":{"line":173,"column":4},"end":{"line":175,"column":5}},"type":"if","locations":[{"start":{"line":173,"column":4},"end":{"line":175,"column":5}},{"start":{},"end":{}}],"line":173},"27":{"loc":{"start":{"line":199,"column":4},"end":{"line":201,"column":5}},"type":"if","locations":[{"start":{"line":199,"column":4},"end":{"line":201,"column":5}},{"start":{},"end":{}}],"line":199},"28":{"loc":{"start":{"line":199,"column":8},"end":{"line":199,"column":46}},"type":"binary-expr","locations":[{"start":{"line":199,"column":8},"end":{"line":199,"column":17}},{"start":{"line":199,"column":21},"end":{"line":199,"column":46}}],"line":199},"29":{"loc":{"start":{"line":204,"column":4},"end":{"line":206,"column":5}},"type":"if","locations":[{"start":{"line":204,"column":4},"end":{"line":206,"column":5}},{"start":{},"end":{}}],"line":204},"30":{"loc":{"start":{"line":204,"column":8},"end":{"line":204,"column":36}},"type":"binary-expr","locations":[{"start":{"line":204,"column":8},"end":{"line":204,"column":14}},{"start":{"line":204,"column":18},"end":{"line":204,"column":27}},{"start":{"line":204,"column":31},"end":{"line":204,"column":36}}],"line":204},"31":{"loc":{"start":{"line":208,"column":4},"end":{"line":210,"column":5}},"type":"if","locations":[{"start":{"line":208,"column":4},"end":{"line":210,"column":5}},{"start":{},"end":{}}],"line":208},"32":{"loc":{"start":{"line":208,"column":8},"end":{"line":208,"column":51}},"type":"binary-expr","locations":[{"start":{"line":208,"column":8},"end":{"line":208,"column":28}},{"start":{"line":208,"column":32},"end":{"line":208,"column":51}}],"line":208},"33":{"loc":{"start":{"line":213,"column":4},"end":{"line":215,"column":5}},"type":"if","locations":[{"start":{"line":213,"column":4},"end":{"line":215,"column":5}},{"start":{},"end":{}}],"line":213},"34":{"loc":{"start":{"line":218,"column":21},"end":{"line":218,"column":72}},"type":"cond-expr","locations":[{"start":{"line":218,"column":57},"end":{"line":218,"column":61}},{"start":{"line":218,"column":64},"end":{"line":218,"column":72}}],"line":218},"35":{"loc":{"start":{"line":218,"column":21},"end":{"line":218,"column":54}},"type":"binary-expr","locations":[{"start":{"line":218,"column":21},"end":{"line":218,"column":25}},{"start":{"line":218,"column":29},"end":{"line":218,"column":54}}],"line":218},"36":{"loc":{"start":{"line":221,"column":4},"end":{"line":223,"column":5}},"type":"if","locations":[{"start":{"line":221,"column":4},"end":{"line":223,"column":5}},{"start":{},"end":{}}],"line":221},"37":{"loc":{"start":{"line":247,"column":4},"end":{"line":249,"column":5}},"type":"if","locations":[{"start":{"line":247,"column":4},"end":{"line":249,"column":5}},{"start":{},"end":{}}],"line":247},"38":{"loc":{"start":{"line":247,"column":8},"end":{"line":247,"column":46}},"type":"binary-expr","locations":[{"start":{"line":247,"column":8},"end":{"line":247,"column":17}},{"start":{"line":247,"column":21},"end":{"line":247,"column":46}}],"line":247},"39":{"loc":{"start":{"line":253,"column":4},"end":{"line":255,"column":5}},"type":"if","locations":[{"start":{"line":253,"column":4},"end":{"line":255,"column":5}},{"start":{},"end":{}}],"line":253},"40":{"loc":{"start":{"line":253,"column":8},"end":{"line":253,"column":36}},"type":"binary-expr","locations":[{"start":{"line":253,"column":8},"end":{"line":253,"column":14}},{"start":{"line":253,"column":18},"end":{"line":253,"column":27}},{"start":{"line":253,"column":31},"end":{"line":253,"column":36}}],"line":253},"41":{"loc":{"start":{"line":257,"column":4},"end":{"line":259,"column":5}},"type":"if","locations":[{"start":{"line":257,"column":4},"end":{"line":259,"column":5}},{"start":{},"end":{}}],"line":257},"42":{"loc":{"start":{"line":257,"column":8},"end":{"line":257,"column":51}},"type":"binary-expr","locations":[{"start":{"line":257,"column":8},"end":{"line":257,"column":28}},{"start":{"line":257,"column":32},"end":{"line":257,"column":51}}],"line":257},"43":{"loc":{"start":{"line":262,"column":4},"end":{"line":264,"column":5}},"type":"if","locations":[{"start":{"line":262,"column":4},"end":{"line":264,"column":5}},{"start":{},"end":{}}],"line":262},"44":{"loc":{"start":{"line":267,"column":21},"end":{"line":267,"column":72}},"type":"cond-expr","locations":[{"start":{"line":267,"column":57},"end":{"line":267,"column":61}},{"start":{"line":267,"column":64},"end":{"line":267,"column":72}}],"line":267},"45":{"loc":{"start":{"line":267,"column":21},"end":{"line":267,"column":54}},"type":"binary-expr","locations":[{"start":{"line":267,"column":21},"end":{"line":267,"column":25}},{"start":{"line":267,"column":29},"end":{"line":267,"column":54}}],"line":267},"46":{"loc":{"start":{"line":274,"column":4},"end":{"line":276,"column":5}},"type":"if","locations":[{"start":{"line":274,"column":4},"end":{"line":276,"column":5}},{"start":{},"end":{}}],"line":274},"47":{"loc":{"start":{"line":311,"column":4},"end":{"line":313,"column":5}},"type":"if","locations":[{"start":{"line":311,"column":4},"end":{"line":313,"column":5}},{"start":{},"end":{}}],"line":311},"48":{"loc":{"start":{"line":311,"column":8},"end":{"line":311,"column":27}},"type":"binary-expr","locations":[{"start":{"line":311,"column":8},"end":{"line":311,"column":14}},{"start":{"line":311,"column":18},"end":{"line":311,"column":27}}],"line":311},"49":{"loc":{"start":{"line":320,"column":4},"end":{"line":322,"column":5}},"type":"if","locations":[{"start":{"line":320,"column":4},"end":{"line":322,"column":5}},{"start":{},"end":{}}],"line":320},"50":{"loc":{"start":{"line":324,"column":4},"end":{"line":326,"column":5}},"type":"if","locations":[{"start":{"line":324,"column":4},"end":{"line":326,"column":5}},{"start":{},"end":{}}],"line":324},"51":{"loc":{"start":{"line":331,"column":4},"end":{"line":333,"column":5}},"type":"if","locations":[{"start":{"line":331,"column":4},"end":{"line":333,"column":5}},{"start":{},"end":{}}],"line":331},"52":{"loc":{"start":{"line":369,"column":4},"end":{"line":371,"column":5}},"type":"if","locations":[{"start":{"line":369,"column":4},"end":{"line":371,"column":5}},{"start":{},"end":{}}],"line":369},"53":{"loc":{"start":{"line":382,"column":4},"end":{"line":384,"column":5}},"type":"if","locations":[{"start":{"line":382,"column":4},"end":{"line":384,"column":5}},{"start":{},"end":{}}],"line":382},"54":{"loc":{"start":{"line":382,"column":8},"end":{"line":382,"column":46}},"type":"binary-expr","locations":[{"start":{"line":382,"column":8},"end":{"line":382,"column":17}},{"start":{"line":382,"column":21},"end":{"line":382,"column":46}}],"line":382},"55":{"loc":{"start":{"line":406,"column":4},"end":{"line":408,"column":5}},"type":"if","locations":[{"start":{"line":406,"column":4},"end":{"line":408,"column":5}},{"start":{},"end":{}}],"line":406},"56":{"loc":{"start":{"line":410,"column":4},"end":{"line":412,"column":5}},"type":"if","locations":[{"start":{"line":410,"column":4},"end":{"line":412,"column":5}},{"start":{},"end":{}}],"line":410},"57":{"loc":{"start":{"line":414,"column":4},"end":{"line":416,"column":5}},"type":"if","locations":[{"start":{"line":414,"column":4},"end":{"line":416,"column":5}},{"start":{},"end":{}}],"line":414},"58":{"loc":{"start":{"line":419,"column":4},"end":{"line":421,"column":5}},"type":"if","locations":[{"start":{"line":419,"column":4},"end":{"line":421,"column":5}},{"start":{},"end":{}}],"line":419},"59":{"loc":{"start":{"line":433,"column":4},"end":{"line":435,"column":5}},"type":"if","locations":[{"start":{"line":433,"column":4},"end":{"line":435,"column":5}},{"start":{},"end":{}}],"line":433},"60":{"loc":{"start":{"line":433,"column":8},"end":{"line":433,"column":46}},"type":"binary-expr","locations":[{"start":{"line":433,"column":8},"end":{"line":433,"column":17}},{"start":{"line":433,"column":21},"end":{"line":433,"column":46}}],"line":433},"61":{"loc":{"start":{"line":441,"column":4},"end":{"line":443,"column":5}},"type":"if","locations":[{"start":{"line":441,"column":4},"end":{"line":443,"column":5}},{"start":{},"end":{}}],"line":441},"62":{"loc":{"start":{"line":465,"column":4},"end":{"line":467,"column":5}},"type":"if","locations":[{"start":{"line":465,"column":4},"end":{"line":467,"column":5}},{"start":{},"end":{}}],"line":465},"63":{"loc":{"start":{"line":465,"column":8},"end":{"line":465,"column":46}},"type":"binary-expr","locations":[{"start":{"line":465,"column":8},"end":{"line":465,"column":17}},{"start":{"line":465,"column":21},"end":{"line":465,"column":46}}],"line":465},"64":{"loc":{"start":{"line":472,"column":4},"end":{"line":474,"column":5}},"type":"if","locations":[{"start":{"line":472,"column":4},"end":{"line":474,"column":5}},{"start":{},"end":{}}],"line":472},"65":{"loc":{"start":{"line":496,"column":4},"end":{"line":498,"column":5}},"type":"if","locations":[{"start":{"line":496,"column":4},"end":{"line":498,"column":5}},{"start":{},"end":{}}],"line":496},"66":{"loc":{"start":{"line":496,"column":8},"end":{"line":496,"column":46}},"type":"binary-expr","locations":[{"start":{"line":496,"column":8},"end":{"line":496,"column":17}},{"start":{"line":496,"column":21},"end":{"line":496,"column":46}}],"line":496},"67":{"loc":{"start":{"line":502,"column":4},"end":{"line":504,"column":5}},"type":"if","locations":[{"start":{"line":502,"column":4},"end":{"line":504,"column":5}},{"start":{},"end":{}}],"line":502},"68":{"loc":{"start":{"line":519,"column":4},"end":{"line":521,"column":5}},"type":"if","locations":[{"start":{"line":519,"column":4},"end":{"line":521,"column":5}},{"start":{},"end":{}}],"line":519},"69":{"loc":{"start":{"line":523,"column":4},"end":{"line":525,"column":5}},"type":"if","locations":[{"start":{"line":523,"column":4},"end":{"line":525,"column":5}},{"start":{},"end":{}}],"line":523},"70":{"loc":{"start":{"line":530,"column":4},"end":{"line":536,"column":5}},"type":"if","locations":[{"start":{"line":530,"column":4},"end":{"line":536,"column":5}},{"start":{},"end":{}}],"line":530},"71":{"loc":{"start":{"line":558,"column":15},"end":{"line":560,"column":108}},"type":"cond-expr","locations":[{"start":{"line":559,"column":10},"end":{"line":559,"column":94}},{"start":{"line":560,"column":10},"end":{"line":560,"column":108}}],"line":558},"72":{"loc":{"start":{"line":561,"column":12},"end":{"line":561,"column":41}},"type":"cond-expr","locations":[{"start":{"line":561,"column":20},"end":{"line":561,"column":29}},{"start":{"line":561,"column":32},"end":{"line":561,"column":41}}],"line":561},"73":{"loc":{"start":{"line":575,"column":4},"end":{"line":577,"column":5}},"type":"if","locations":[{"start":{"line":575,"column":4},"end":{"line":577,"column":5}},{"start":{},"end":{}}],"line":575},"74":{"loc":{"start":{"line":575,"column":8},"end":{"line":575,"column":44}},"type":"binary-expr","locations":[{"start":{"line":575,"column":8},"end":{"line":575,"column":14}},{"start":{"line":575,"column":18},"end":{"line":575,"column":28}},{"start":{"line":575,"column":32},"end":{"line":575,"column":44}}],"line":575},"75":{"loc":{"start":{"line":579,"column":4},"end":{"line":581,"column":5}},"type":"if","locations":[{"start":{"line":579,"column":4},"end":{"line":581,"column":5}},{"start":{},"end":{}}],"line":579},"76":{"loc":{"start":{"line":585,"column":4},"end":{"line":587,"column":5}},"type":"if","locations":[{"start":{"line":585,"column":4},"end":{"line":587,"column":5}},{"start":{},"end":{}}],"line":585},"77":{"loc":{"start":{"line":590,"column":4},"end":{"line":592,"column":5}},"type":"if","locations":[{"start":{"line":590,"column":4},"end":{"line":592,"column":5}},{"start":{},"end":{}}],"line":590},"78":{"loc":{"start":{"line":590,"column":8},"end":{"line":590,"column":55}},"type":"binary-expr","locations":[{"start":{"line":590,"column":8},"end":{"line":590,"column":23}},{"start":{"line":590,"column":27},"end":{"line":590,"column":55}}],"line":590},"79":{"loc":{"start":{"line":594,"column":4},"end":{"line":596,"column":5}},"type":"if","locations":[{"start":{"line":594,"column":4},"end":{"line":596,"column":5}},{"start":{},"end":{}}],"line":594}},"s":{"0":2,"1":2,"2":2,"3":2,"4":2,"5":32,"6":2,"7":11,"8":2,"9":12,"10":1,"11":11,"12":0,"13":11,"14":11,"15":11,"16":8,"17":8,"18":3,"19":3,"20":1,"21":1,"22":2,"23":2,"24":0,"25":0,"26":2,"27":2,"28":0,"29":0,"30":0,"31":0,"32":0,"33":0,"34":0,"35":0,"36":0,"37":0,"38":0,"39":0,"40":0,"41":0,"42":0,"43":0,"44":0,"45":0,"46":0,"47":0,"48":0,"49":0,"50":0,"51":0,"52":0,"53":0,"54":0,"55":0,"56":0,"57":0,"58":0,"59":0,"60":0,"61":0,"62":0,"63":0,"64":0,"65":0,"66":0,"67":0,"68":0,"69":0,"70":0,"71":0,"72":2,"73":8,"74":0,"75":8,"76":8,"77":1,"78":7,"79":1,"80":6,"81":6,"82":0,"83":6,"84":2,"85":3,"86":3,"87":2,"88":2,"89":2,"90":1,"91":2,"92":4,"93":4,"94":4,"95":1,"96":3,"97":0,"98":3,"99":0,"100":3,"101":3,"102":0,"103":3,"104":3,"105":1,"106":2,"107":2,"108":2,"109":0,"110":2,"111":0,"112":0,"113":0,"114":0,"115":0,"116":0,"117":0,"118":0,"119":0,"120":0,"121":0,"122":0,"123":0,"124":0,"125":0,"126":0,"127":0,"128":0,"129":0,"130":0,"131":2,"132":0,"133":0,"134":0,"135":0,"136":0,"137":0,"138":0,"139":0,"140":0,"141":0,"142":0,"143":0,"144":0,"145":0,"146":0,"147":0,"148":0,"149":0,"150":0,"151":0,"152":2,"153":0,"154":0,"155":0,"156":0,"157":0,"158":0,"159":0,"160":0,"161":0,"162":0,"163":0,"164":0,"165":0,"166":0,"167":0,"168":2,"169":0,"170":0,"171":0,"172":0,"173":0,"174":0,"175":0,"176":2,"177":0,"178":0,"179":0,"180":0,"181":0,"182":0,"183":2,"184":8,"185":8,"186":8,"187":2,"188":6,"189":1,"190":5,"191":2,"192":3,"193":3,"194":0,"195":3,"196":3,"197":0,"198":2,"199":0,"200":0,"201":0,"202":0,"203":0,"204":0,"205":0,"206":0,"207":0,"208":0,"209":0,"210":2,"211":0,"212":0,"213":0,"214":0,"215":0,"216":0,"217":0,"218":0,"219":0,"220":2,"221":0,"222":0,"223":0,"224":0,"225":0,"226":0,"227":0,"228":0,"229":0,"230":2,"231":0,"232":0,"233":0,"234":0,"235":0,"236":0,"237":0,"238":0,"239":0,"240":0,"241":0,"242":0,"243":0,"244":0,"245":0,"246":0,"247":0,"248":2,"249":0,"250":0,"251":0,"252":0,"253":0,"254":0,"255":0,"256":0,"257":0,"258":0,"259":0,"260":0,"261":0,"262":0,"263":0,"264":0,"265":0,"266":0},"f":{"0":32,"1":11,"2":12,"3":0,"4":0,"5":0,"6":0,"7":0,"8":0,"9":0,"10":0,"11":0,"12":0,"13":8,"14":3,"15":2,"16":1,"17":4,"18":0,"19":0,"20":0,"21":0,"22":0,"23":8,"24":0,"25":0,"26":0,"27":0,"28":0},"b":{"0":[2,2],"1":[1,11],"2":[0,11],"3":[8,0],"4":[8,8],"5":[1,0],"6":[1,1],"7":[0,0],"8":[0,0],"9":[0],"10":[0,0],"11":[0,0],"12":[0,0],"13":[0,0],"14":[0,0],"15":[0,0],"16":[0,0],"17":[0,8],"18":[1,7],"19":[1,6],"20":[0,6],"21":[1,3],"22":[4,3,3],"23":[0,3],"24":[0,3],"25":[0,3],"26":[1,2],"27":[0,0],"28":[0,0],"29":[0,0],"30":[0,0,0],"31":[0,0],"32":[0,0],"33":[0,0],"34":[0,0],"35":[0,0],"36":[0,0],"37":[0,0],"38":[0,0],"39":[0,0],"40":[0,0,0],"41":[0,0],"42":[0,0],"43":[0,0],"44":[0,0],"45":[0,0],"46":[0,0],"47":[0,0],"48":[0,0],"49":[0,0],"50":[0,0],"51":[0,0],"52":[0,0],"53":[0,0],"54":[0,0],"55":[2,6],"56":[1,5],"57":[2,3],"58":[0,3],"59":[0,0],"60":[0,0],"61":[0,0],"62":[0,0],"63":[0,0],"64":[0,0],"65":[0,0],"66":[0,0],"67":[0,0],"68":[0,0],"69":[0,0],"70":[0,0],"71":[0,0],"72":[0,0],"73":[0,0],"74":[0,0,0],"75":[0,0],"76":[0,0],"77":[0,0],"78":[0,0],"79":[0,0]},"_coverageSchema":"1a1c01bbd47fc00a2c39e90264f33305004495a9","hash":"0de6d02b61eb0305e753cde457884ec98f1ffd6c"}
,"D:\\code\\esgproject\\backend\\controllers\\departmentsController.js": {"path":"D:\\code\\esgproject\\backend\\controllers\\departmentsController.js","statementMap":{"0":{"start":{"line":4,"column":15},"end":{"line":4,"column":33}},"1":{"start":{"line":7,"column":30},"end":{"line":24,"column":1}},"2":{"start":{"line":8,"column":2},"end":{"line":23,"column":3}},"3":{"start":{"line":9,"column":24},"end":{"line":18,"column":6}},"4":{"start":{"line":20,"column":4},"end":{"line":20,"column":26}},"5":{"start":{"line":22,"column":4},"end":{"line":22,"column":91}},"6":{"start":{"line":27,"column":33},"end":{"line":50,"column":1}},"7":{"start":{"line":28,"column":2},"end":{"line":49,"column":3}},"8":{"start":{"line":29,"column":19},"end":{"line":29,"column":29}},"9":{"start":{"line":31,"column":23},"end":{"line":40,"column":6}},"10":{"start":{"line":42,"column":4},"end":{"line":44,"column":5}},"11":{"start":{"line":43,"column":6},"end":{"line":43,"column":69}},"12":{"start":{"line":46,"column":4},"end":{"line":46,"column":25}},"13":{"start":{"line":48,"column":4},"end":{"line":48,"column":90}},"14":{"start":{"line":53,"column":32},"end":{"line":75,"column":1}},"15":{"start":{"line":54,"column":2},"end":{"line":74,"column":3}},"16":{"start":{"line":55,"column":71},"end":{"line":55,"column":79}},"17":{"start":{"line":57,"column":23},"end":{"line":66,"column":6}},"18":{"start":{"line":69,"column":4},"end":{"line":69,"column":90}},"19":{"start":{"line":71,"column":4},"end":{"line":71,"column":37}},"20":{"start":{"line":73,"column":4},"end":{"line":73,"column":91}},"21":{"start":{"line":78,"column":32},"end":{"line":102,"column":1}},"22":{"start":{"line":79,"column":2},"end":{"line":101,"column":3}},"23":{"start":{"line":80,"column":19},"end":{"line":80,"column":29}},"24":{"start":{"line":81,"column":71},"end":{"line":81,"column":79}},"25":{"start":{"line":83,"column":23},"end":{"line":93,"column":6}},"26":{"start":{"line":96,"column":4},"end":{"line":96,"column":90}},"27":{"start":{"line":98,"column":4},"end":{"line":98,"column":25}},"28":{"start":{"line":100,"column":4},"end":{"line":100,"column":91}},"29":{"start":{"line":105,"column":32},"end":{"line":122,"column":1}},"30":{"start":{"line":106,"column":2},"end":{"line":121,"column":3}},"31":{"start":{"line":107,"column":19},"end":{"line":107,"column":29}},"32":{"start":{"line":109,"column":23},"end":{"line":109,"column":90}},"33":{"start":{"line":111,"column":4},"end":{"line":113,"column":7}},"34":{"start":{"line":116,"column":4},"end":{"line":116,"column":100}},"35":{"start":{"line":118,"column":4},"end":{"line":118,"column":61}},"36":{"start":{"line":120,"column":4},"end":{"line":120,"column":91}}},"fnMap":{"0":{"name":"(anonymous_0)","decl":{"start":{"line":7,"column":30},"end":{"line":7,"column":31}},"loc":{"start":{"line":7,"column":50},"end":{"line":24,"column":1}},"line":7},"1":{"name":"(anonymous_1)","decl":{"start":{"line":27,"column":33},"end":{"line":27,"column":34}},"loc":{"start":{"line":27,"column":53},"end":{"line":50,"column":1}},"line":27},"2":{"name":"(anonymous_2)","decl":{"start":{"line":53,"column":32},"end":{"line":53,"column":33}},"loc":{"start":{"line":53,"column":52},"end":{"line":75,"column":1}},"line":53},"3":{"name":"(anonymous_3)","decl":{"start":{"line":78,"column":32},"end":{"line":78,"column":33}},"loc":{"start":{"line":78,"column":52},"end":{"line":102,"column":1}},"line":78},"4":{"name":"(anonymous_4)","decl":{"start":{"line":105,"column":32},"end":{"line":105,"column":33}},"loc":{"start":{"line":105,"column":52},"end":{"line":122,"column":1}},"line":105}},"branchMap":{"0":{"loc":{"start":{"line":42,"column":4},"end":{"line":44,"column":5}},"type":"if","locations":[{"start":{"line":42,"column":4},"end":{"line":44,"column":5}},{"start":{},"end":{}}],"line":42}},"s":{"0":1,"1":1,"2":0,"3":0,"4":0,"5":0,"6":1,"7":0,"8":0,"9":0,"10":0,"11":0,"12":0,"13":0,"14":1,"15":0,"16":0,"17":0,"18":0,"19":0,"20":0,"21":1,"22":0,"23":0,"24":0,"25":0,"26":0,"27":0,"28":0,"29":1,"30":0,"31":0,"32":0,"33":0,"34":0,"35":0,"36":0},"f":{"0":0,"1":0,"2":0,"3":0,"4":0},"b":{"0":[0,0]},"_coverageSchema":"1a1c01bbd47fc00a2c39e90264f33305004495a9","hash":"e40d494c7d4f87e57b23e15757357e6918090a75"}
,"D:\\code\\esgproject\\backend\\controllers\\exportController.js": {"path":"D:\\code\\esgproject\\backend\\controllers\\exportController.js","statementMap":{"0":{"start":{"line":3,"column":15},"end":{"line":3,"column":33}},"1":{"start":{"line":6,"column":32},"end":{"line":110,"column":1}},"2":{"start":{"line":7,"column":2},"end":{"line":109,"column":3}},"3":{"start":{"line":8,"column":20},"end":{"line":23,"column":6}},"4":{"start":{"line":26,"column":20},"end":{"line":45,"column":5}},"5":{"start":{"line":48,"column":17},"end":{"line":48,"column":19}},"6":{"start":{"line":49,"column":4},"end":{"line":90,"column":7}},"7":{"start":{"line":50,"column":6},"end":{"line":72,"column":9}},"8":{"start":{"line":51,"column":30},"end":{"line":51,"column":85}},"9":{"start":{"line":51,"column":57},"end":{"line":51,"column":73}},"10":{"start":{"line":52,"column":8},"end":{"line":71,"column":11}},"11":{"start":{"line":75,"column":6},"end":{"line":89,"column":7}},"12":{"start":{"line":76,"column":30},"end":{"line":76,"column":85}},"13":{"start":{"line":76,"column":57},"end":{"line":76,"column":73}},"14":{"start":{"line":77,"column":8},"end":{"line":88,"column":11}},"15":{"start":{"line":93,"column":23},"end":{"line":102,"column":16}},"16":{"start":{"line":95,"column":25},"end":{"line":101,"column":18}},"17":{"start":{"line":97,"column":24},"end":{"line":97,"column":42}},"18":{"start":{"line":98,"column":8},"end":{"line":100,"column":20}},"19":{"start":{"line":104,"column":4},"end":{"line":104,"column":43}},"20":{"start":{"line":105,"column":4},"end":{"line":105,"column":87}},"21":{"start":{"line":106,"column":4},"end":{"line":106,"column":25}},"22":{"start":{"line":108,"column":4},"end":{"line":108,"column":88}},"23":{"start":{"line":113,"column":35},"end":{"line":186,"column":1}},"24":{"start":{"line":114,"column":2},"end":{"line":185,"column":3}},"25":{"start":{"line":115,"column":20},"end":{"line":130,"column":6}},"26":{"start":{"line":132,"column":20},"end":{"line":132,"column":54}},"27":{"start":{"line":133,"column":24},"end":{"line":133,"column":58}},"28":{"start":{"line":134,"column":22},"end":{"line":134,"column":54}},"29":{"start":{"line":136,"column":22},"end":{"line":180,"column":5}},"30":{"start":{"line":144,"column":33},"end":{"line":144,"column":51}},"31":{"start":{"line":145,"column":33},"end":{"line":145,"column":51}},"32":{"start":{"line":146,"column":33},"end":{"line":146,"column":51}},"33":{"start":{"line":149,"column":41},"end":{"line":149,"column":65}},"34":{"start":{"line":150,"column":39},"end":{"line":150,"column":61}},"35":{"start":{"line":151,"column":43},"end":{"line":151,"column":69}},"36":{"start":{"line":152,"column":39},"end":{"line":152,"column":61}},"37":{"start":{"line":153,"column":45},"end":{"line":153,"column":73}},"38":{"start":{"line":156,"column":33},"end":{"line":176,"column":7}},"39":{"start":{"line":165,"column":42},"end":{"line":165,"column":92}},"40":{"start":{"line":166,"column":44},"end":{"line":175,"column":9}},"41":{"start":{"line":182,"column":4},"end":{"line":182,"column":24}},"42":{"start":{"line":184,"column":4},"end":{"line":184,"column":90}},"43":{"start":{"line":189,"column":30},"end":{"line":216,"column":1}},"44":{"start":{"line":190,"column":2},"end":{"line":215,"column":3}},"45":{"start":{"line":191,"column":71},"end":{"line":198,"column":6}},"46":{"start":{"line":200,"column":17},"end":{"line":208,"column":5}},"47":{"start":{"line":207,"column":29},"end":{"line":207,"column":58}},"48":{"start":{"line":210,"column":4},"end":{"line":210,"column":51}},"49":{"start":{"line":211,"column":4},"end":{"line":211,"column":85}},"50":{"start":{"line":212,"column":4},"end":{"line":212,"column":19}},"51":{"start":{"line":214,"column":4},"end":{"line":214,"column":85}}},"fnMap":{"0":{"name":"(anonymous_0)","decl":{"start":{"line":6,"column":32},"end":{"line":6,"column":33}},"loc":{"start":{"line":6,"column":52},"end":{"line":110,"column":1}},"line":6},"1":{"name":"(anonymous_1)","decl":{"start":{"line":49,"column":20},"end":{"line":49,"column":21}},"loc":{"start":{"line":49,"column":30},"end":{"line":90,"column":5}},"line":49},"2":{"name":"(anonymous_2)","decl":{"start":{"line":50,"column":33},"end":{"line":50,"column":34}},"loc":{"start":{"line":50,"column":41},"end":{"line":72,"column":7}},"line":50},"3":{"name":"(anonymous_3)","decl":{"start":{"line":51,"column":51},"end":{"line":51,"column":52}},"loc":{"start":{"line":51,"column":57},"end":{"line":51,"column":73}},"line":51},"4":{"name":"(anonymous_4)","decl":{"start":{"line":76,"column":51},"end":{"line":76,"column":52}},"loc":{"start":{"line":76,"column":57},"end":{"line":76,"column":73}},"line":76},"5":{"name":"(anonymous_5)","decl":{"start":{"line":95,"column":18},"end":{"line":95,"column":19}},"loc":{"start":{"line":95,"column":25},"end":{"line":101,"column":18}},"line":95},"6":{"name":"(anonymous_6)","decl":{"start":{"line":95,"column":33},"end":{"line":95,"column":34}},"loc":{"start":{"line":95,"column":41},"end":{"line":101,"column":7}},"line":95},"7":{"name":"(anonymous_7)","decl":{"start":{"line":113,"column":35},"end":{"line":113,"column":36}},"loc":{"start":{"line":113,"column":55},"end":{"line":186,"column":1}},"line":113},"8":{"name":"(anonymous_8)","decl":{"start":{"line":144,"column":28},"end":{"line":144,"column":29}},"loc":{"start":{"line":144,"column":33},"end":{"line":144,"column":51}},"line":144},"9":{"name":"(anonymous_9)","decl":{"start":{"line":145,"column":28},"end":{"line":145,"column":29}},"loc":{"start":{"line":145,"column":33},"end":{"line":145,"column":51}},"line":145},"10":{"name":"(anonymous_10)","decl":{"start":{"line":146,"column":28},"end":{"line":146,"column":29}},"loc":{"start":{"line":146,"column":33},"end":{"line":146,"column":51}},"line":146},"11":{"name":"(anonymous_11)","decl":{"start":{"line":149,"column":36},"end":{"line":149,"column":37}},"loc":{"start":{"line":149,"column":41},"end":{"line":149,"column":65}},"line":149},"12":{"name":"(anonymous_12)","decl":{"start":{"line":150,"column":34},"end":{"line":150,"column":35}},"loc":{"start":{"line":150,"column":39},"end":{"line":150,"column":61}},"line":150},"13":{"name":"(anonymous_13)","decl":{"start":{"line":151,"column":38},"end":{"line":151,"column":39}},"loc":{"start":{"line":151,"column":43},"end":{"line":151,"column":69}},"line":151},"14":{"name":"(anonymous_14)","decl":{"start":{"line":152,"column":34},"end":{"line":152,"column":35}},"loc":{"start":{"line":152,"column":39},"end":{"line":152,"column":61}},"line":152},"15":{"name":"(anonymous_15)","decl":{"start":{"line":153,"column":40},"end":{"line":153,"column":41}},"loc":{"start":{"line":153,"column":45},"end":{"line":153,"column":73}},"line":153},"16":{"name":"(anonymous_16)","decl":{"start":{"line":156,"column":27},"end":{"line":156,"column":28}},"loc":{"start":{"line":156,"column":33},"end":{"line":176,"column":7}},"line":156},"17":{"name":"(anonymous_17)","decl":{"start":{"line":165,"column":35},"end":{"line":165,"column":36}},"loc":{"start":{"line":165,"column":42},"end":{"line":165,"column":92}},"line":165},"18":{"name":"(anonymous_18)","decl":{"start":{"line":166,"column":35},"end":{"line":166,"column":36}},"loc":{"start":{"line":166,"column":44},"end":{"line":175,"column":9}},"line":166},"19":{"name":"(anonymous_19)","decl":{"start":{"line":189,"column":30},"end":{"line":189,"column":31}},"loc":{"start":{"line":189,"column":50},"end":{"line":216,"column":1}},"line":189},"20":{"name":"(anonymous_20)","decl":{"start":{"line":207,"column":23},"end":{"line":207,"column":24}},"loc":{"start":{"line":207,"column":29},"end":{"line":207,"column":58}},"line":207}},"branchMap":{"0":{"loc":{"start":{"line":56,"column":10},"end":{"line":56,"column":34}},"type":"binary-expr","locations":[{"start":{"line":56,"column":10},"end":{"line":56,"column":28}},{"start":{"line":56,"column":32},"end":{"line":56,"column":34}}],"line":56},"1":{"loc":{"start":{"line":57,"column":10},"end":{"line":57,"column":28}},"type":"binary-expr","locations":[{"start":{"line":57,"column":10},"end":{"line":57,"column":22}},{"start":{"line":57,"column":26}
[...]
ymous_1)","decl":{"start":{"line":43,"column":29},"end":{"line":43,"column":30}},"loc":{"start":{"line":43,"column":49},"end":{"line":68,"column":1}},"line":43},"2":{"name":"(anonymous_2)","decl":{"start":{"line":71,"column":28},"end":{"line":71,"column":29}},"loc":{"start":{"line":71,"column":48},"end":{"line":101,"column":1}},"line":71},"3":{"name":"(anonymous_3)","decl":{"start":{"line":104,"column":28},"end":{"line":104,"column":29}},"loc":{"start":{"line":104,"column":48},"end":{"line":135,"column":1}},"line":104},"4":{"name":"(anonymous_4)","decl":{"start":{"line":138,"column":28},"end":{"line":138,"column":29}},"loc":{"start":{"line":138,"column":48},"end":{"line":173,"column":1}},"line":138},"5":{"name":"(anonymous_5)","decl":{"start":{"line":176,"column":31},"end":{"line":176,"column":32}},"loc":{"start":{"line":176,"column":51},"end":{"line":196,"column":1}},"line":176}},"branchMap":{"0":{"loc":{"start":{"line":13,"column":4},"end":{"line":13,"column":44}},"type":"if","locations":[{"start":{"line":13,"column":4},"end":{"line":13,"column":44}},{"start":{},"end":{}}],"line":13},"1":{"loc":{"start":{"line":14,"column":4},"end":{"line":14,"column":38}},"type":"if","locations":[{"start":{"line":14,"column":4},"end":{"line":14,"column":38}},{"start":{},"end":{}}],"line":14},"2":{"loc":{"start":{"line":15,"column":4},"end":{"line":20,"column":5}},"type":"if","locations":[{"start":{"line":15,"column":4},"end":{"line":20,"column":5}},{"start":{},"end":{}}],"line":15},"3":{"loc":{"start":{"line":60,"column":4},"end":{"line":62,"column":5}},"type":"if","locations":[{"start":{"line":60,"column":4},"end":{"line":62,"column":5}},{"start":{},"end":{}}],"line":60},"4":{"loc":{"start":{"line":74,"column":4},"end":{"line":76,"column":5}},"type":"if","locations":[{"start":{"line":74,"column":4},"end":{"line":76,"column":5}},{"start":{},"end":{}}],"line":74},"5":{"loc":{"start":{"line":74,"column":8},"end":{"line":74,"column":65}},"type":"binary-expr","locations":[{"start":{"line":74,"column":8},"end":{"line":74,"column":17}},{"start":{"line":74,"column":21},"end":{"line":74,"column":65}}],"line":74},"6":{"loc":{"start":{"line":89,"column":16},"end":{"line":89,"column":35}},"type":"binary-expr","locations":[{"start":{"line":89,"column":16},"end":{"line":89,"column":22}},{"start":{"line":89,"column":26},"end":{"line":89,"column":35}}],"line":89},"7":{"loc":{"start":{"line":107,"column":4},"end":{"line":109,"column":5}},"type":"if","locations":[{"start":{"line":107,"column":4},"end":{"line":109,"column":5}},{"start":{},"end":{}}],"line":107},"8":{"loc":{"start":{"line":107,"column":8},"end":{"line":107,"column":65}},"type":"binary-expr","locations":[{"start":{"line":107,"column":8},"end":{"line":107,"column":17}},{"start":{"line":107,"column":21},"end":{"line":107,"column":65}}],"line":107},"9":{"loc":{"start":{"line":140,"column":4},"end":{"line":142,"column":5}},"type":"if","locations":[{"start":{"line":140,"column":4},"end":{"line":142,"column":5}},{"start":{},"end":{}}],"line":140},"10":{"loc":{"start":{"line":140,"column":8},"end":{"line":140,"column":65}},"type":"binary-expr","locations":[{"start":{"line":140,"column":8},"end":{"line":140,"column":17}},{"start":{"line":140,"column":21},"end":{"line":140,"column":65}}],"line":140},"11":{"loc":{"start":{"line":150,"column":4},"end":{"line":152,"column":5}},"type":"if","locations":[{"start":{"line":150,"column":4},"end":{"line":152,"column":5}},{"start":{},"end":{}}],"line":150},"12":{"loc":{"start":{"line":158,"column":4},"end":{"line":160,"column":5}},"type":"if","locations":[{"start":{"line":158,"column":4},"end":{"line":160,"column":5}},{"start":{},"end":{}}],"line":158},"13":{"loc":{"start":{"line":158,"column":8},"end":{"line":158,"column":28}},"type":"binary-expr","locations":[{"start":{"line":158,"column":8},"end":{"line":158,"column":16}},{"start":{"line":158,"column":20},"end":{"line":158,"column":28}}],"line":158}},"s":{"0":1,"1":1,"2":0,"3":0,"4":0,"5":0,"6":0,"7":0,"8":0,"9":0,"10":0,"11":0,"12":0,"13":0,"14":1,"15":0,"16":0,"17":0,"18":0,"19":0,"20":0,"21":0,"22":1,"23":0,"24":0,"25":0,"26":0,"27":0,"28":0,"29":0,"30":0,"31":1,"32":0,"33":0,"34":0,"35":0,"36":0,"37":0,"38":0,"39":0,"40":0,"41":1,"42":0,"43":0,"44":0,"45":0,"46":0,"47":0,"48":0,"49":0,"50":0,"51":0,"52":0,"53":0,"54":0,"55":0,"56":0,"57":0,"58":1,"59":0,"60":0,"61":0,"62":0,"63":0,"64":0},"f":{"0":0,"1":0,"2":0,"3":0,"4":0,"5":0},"b":{"0":[0,0],"1":[0,0],"2":[0,0],"3":[0,0],"4":[0,0],"5":[0,0],"6":[0,0],"7":[0,0],"8":[0,0],"9":[0,0],"10":[0,0],"11":[0,0],"12":[0,0],"13":[0,0]},"_coverageSchema":"1a1c01bbd47fc00a2c39e90264f33305004495a9","hash":"1b6d6883985b1e200f6604458fabc11545af5b66"}
,"D:\\code\\esgproject\\backend\\controllers\\sourcesController.js": {"path":"D:\\code\\esgproject\\backend\\controllers\\sourcesController.js","statementMap":{"0":{"start":{"line":4,"column":15},"end":{"line":4,"column":33}},"1":{"start":{"line":7,"column":30},"end":{"line":24,"column":1}},"2":{"start":{"line":8,"column":2},"end":{"line":23,"column":3}},"3":{"start":{"line":9,"column":20},"end":{"line":18,"column":6}},"4":{"start":{"line":20,"column":4},"end":{"line":20,"column":22}},"5":{"start":{"line":22,"column":4},"end":{"line":22,"column":92}},"6":{"start":{"line":27,"column":33},"end":{"line":50,"column":1}},"7":{"start":{"line":28,"column":2},"end":{"line":49,"column":3}},"8":{"start":{"line":29,"column":19},"end":{"line":29,"column":29}},"9":{"start":{"line":31,"column":19},"end":{"line":40,"column":6}},"10":{"start":{"line":42,"column":4},"end":{"line":44,"column":5}},"11":{"start":{"line":43,"column":6},"end":{"line":43,"column":70}},"12":{"start":{"line":46,"column":4},"end":{"line":46,"column":21}},"13":{"start":{"line":48,"column":4},"end":{"line":48,"column":91}},"14":{"start":{"line":53,"column":32},"end":{"line":73,"column":1}},"15":{"start":{"line":54,"column":2},"end":{"line":72,"column":3}},"16":{"start":{"line":55,"column":52},"end":{"line":55,"column":60}},"17":{"start":{"line":57,"column":19},"end":{"line":64,"column":6}},"18":{"start":{"line":67,"column":4},"end":{"line":67,"column":81}},"19":{"start":{"line":69,"column":4},"end":{"line":69,"column":33}},"20":{"start":{"line":71,"column":4},"end":{"line":71,"column":92}},"21":{"start":{"line":76,"column":32},"end":{"line":98,"column":1}},"22":{"start":{"line":77,"column":2},"end":{"line":97,"column":3}},"23":{"start":{"line":78,"column":19},"end":{"line":78,"column":29}},"24":{"start":{"line":79,"column":52},"end":{"line":79,"column":60}},"25":{"start":{"line":81,"column":19},"end":{"line":89,"column":6}},"26":{"start":{"line":92,"column":4},"end":{"line":92,"column":81}},"27":{"start":{"line":94,"column":4},"end":{"line":94,"column":21}},"28":{"start":{"line":96,"column":4},"end":{"line":96,"column":92}},"29":{"start":{"line":101,"column":32},"end":{"line":118,"column":1}},"30":{"start":{"line":102,"column":2},"end":{"line":117,"column":3}},"31":{"start":{"line":103,"column":19},"end":{"line":103,"column":29}},"32":{"start":{"line":105,"column":19},"end":{"line":105,"column":86}},"33":{"start":{"line":107,"column":4},"end":{"line":109,"column":7}},"34":{"start":{"line":112,"column":4},"end":{"line":112,"column":92}},"35":{"start":{"line":114,"column":4},"end":{"line":114,"column":62}},"36":{"start":{"line":116,"column":4},"end":{"line":116,"column":92}}},"fnMap":{"0":{"name":"(anonymous_0)","decl":{"start":{"line":7,"column":30},"end":{"line":7,"column":31}},"loc":{"start":{"line":7,"column":50},"end":{"line":24,"column":1}},"line":7},"1":{"name":"(anonymous_1)","decl":{"start":{"line":27,"column":33},"end":{"line":27,"column":34}},"loc":{"start":{"line":27,"column":53},"end":{"line":50,"column":1}},"line":27},"2":{"name":"(anonymous_2)","decl":{"start":{"line":53,"column":32},"end":{"line":53,"column":33}},"loc":{"start":{"line":53,"column":52},"end":{"line":73,"column":1}},"line":53},"3":{"name":"(anonymous_3)","decl":{"start":{"line":76,"column":32},"end":{"line":76,"column":33}},"loc":{"start":{"line":76,"column":52},"end":{"line":98,"column":1}},"line":76},"4":{"name":"(anonymous_4)","decl":{"start":{"line":101,"column":32},"end":{"line":101,"column":33}},"loc":{"start":{"line":101,"column":52},"end":{"line":118,"column":1}},"line":101}},"branchMap":{"0":{"loc":{"start":{"line":42,"column":4},"end":{"line":44,"column":5}},"type":"if","locations":[{"start":{"line":42,"column":4},"end":{"line":44,"column":5}},{"start":{},"end":{}}],"line":42}},"s":{"0":1,"1":1,"2":0,"3":0,"4":0,"5":0,"6":1,"7":0,"8":0,"9":0,"10":0,"11":0,"12":0,"13":0,"14":1,"15":0,"16":0,"17":0,"18":0,"19":0,"20":0,"21":1,"22":0,"23":0,"24":0,"25":0,"26":0,"27":0,"28":0,"29":1,"30":0,"31":0,"32":0,"33":0,"34":0,"35":0,"36":0},"f":{"0":0,"1":0,"2":0,"3":0,"4":0},"b":{"0":[0,0]},"_coverageSchema":"1a1c01bbd47fc00a2c39e90264f33305004495a9","hash":"5a1de77159d1ba14c7e52ad7980d88b6971243c0"}
,"D:\\code\\esgproject\\backend\\controllers\\standardsController.js": {"path":"D:\\code\\esgproject\\backend\\controllers\\standardsController.js","statementMap":{"0":{"start":{"line":3,"column":15},"end":{"line":3,"column":33}},"1":{"start":{"line":6,"column":31},"end":{"line":23,"column":1}},"2":{"start":{"line":7,"column":2},"end":{"line":22,"column":3}},"3":{"start":{"line":8,"column":22},"end":{"line":17,"column":6}},"4":{"start":{"line":19,"column":4},"end":{"line":19,"column":24}},"5":{"start":{"line":21,"column":4},"end":{"line":21,"column":89}},"6":{"start":{"line":26,"column":31},"end":{"line":49,"column":1}},"7":{"start":{"line":27,"column":2},"end":{"line":48,"column":3}},"8":{"start":{"line":28,"column":19},"end":{"line":28,"column":29}},"9":{"start":{"line":30,"column":21},"end":{"line":39,"column":6}},"10":{"start":{"line":41,"column":4},"end":{"line":43,"column":5}},"11":{"start":{"line":42,"column":6},"end":{"line":42,"column":67}},"12":{"start":{"line":45,"column":4},"end":{"line":45,"column":23}},"13":{"start":{"line":47,"column":4},"end":{"line":47,"column":88}},"14":{"start":{"line":52,"column":30},"end":{"line":75,"column":1}},"15":{"start":{"line":53,"column":2},"end":{"line":74,"column":3}},"16":{"start":{"line":54,"column":4},"end":{"line":56,"column":5}},"17":{"start":{"line":55,"column":6},"end":{"line":55,"column":73}},"18":{"start":{"line":58,"column":27},"end":{"line":58,"column":35}},"19":{"start":{"line":60,"column":4},"end":{"line":62,"column":5}},"20":{"start":{"line":61,"column":6},"end":{"line":61,"column":65}},"21":{"start":{"line":64,"column":21},"end":{"line":69,"column":6}},"22":{"start":{"line":71,"column":4},"end":{"line":71,"column":35}},"23":{"start":{"line":73,"column":4},"end":{"line":73,"column":89}},"24":{"start":{"line":78,"column":30},"end":{"line":99,"column":1}},"25":{"start":{"line":79,"column":2},"end":{"line":98,"column":3}},"26":{"start":{"line":80,"column":4},"end":{"line":82,"column":5}},"27":{"start":{"line":81,"column":6},"end":{"line":81,"column":73}},"28":{"start":{"line":84,"column":19},"end":{"line":84,"column":29}},"29":{"start":{"line":85,"column":27},"end":{"line":85,"column":35}},"30":{"start":{"line":87,"column":21},"end":{"line":93,"column":6}},"31":{"start":{"line":95,"column":4},"end":{"line":95,"column":23}},"32":{"start":{"line":97,"column":4},"end":{"line":97,"column":89}},"33":{"start":{"line":102,"column":30},"end":{"line":118,"column":1}},"34":{"start":{"line":103,"column":2},"end":{"line":117,"column":3}},"35":{"start":{"line":104,"column":4},"end":{"line":106,"column":5}},"36":{"start":{"line":105,"column":6},"end":{"line":105,"column":81}},"37":{"start":{"line":108,"column":19},"end":{"line":108,"column":29}},"38":{"start":{"line":110,"column":4},"end":{"line":112,"column":7}},"39":{"start":{"line":114,"column":4},"end":{"line":114,"column":59}},"40":{"start":{"line":116,"column":4},"end":{"line":116,"column":89}}},"fnMap":{"0":{"name":"(anonymous_0)","decl":{"start":{"line":6,"column":31},"end":{"line":6,"column":32}},"loc":{"start":{"line":6,"column":51},"end":{"line":23,"column":1}},"line":6},"1":{"name":"(anonymous_1)","decl":{"start":{"line":26,"column":31},"end":{"line":26,"column":32}},"loc":{"start":{"line":26,"column":51},"end":{"line":49,"column":1}},"line":26},"2":{"name":"(anonymous_2)","decl":{"start":{"line":52,"column":30},"end":{"line":52,"column":31}},"loc":{"start":{"line":52,"column":50},"end":{"line":75,"column":1}},"line":52},"3":{"name":"(anonymous_3)","decl":{"start":{"line":78,"column":30},"end":{"line":78,"column":31}},"loc":{"start":{"line":78,"column":50},"end":{"line":99,"column":1}},"line":78},"4":{"name":"(anonymous_4)","decl":{"start":{"line":102,"column":30},"end":{"line":102,"column":31}},"loc":{"start":{"line":102,"column":50},"end":{"line":118,"column":1}},"line":102}},"branchMap":{"0":{"loc":{"start":{"line":41,"column":4},"end":{"line":43,"column":5}},"type":"if","locations":[{"start":{"line":41,"column":4},"end":{"line":43,"column":5}},{"start":{},"end":{}}],"line":41},"1":{"loc":{"start":{"line":54,"column":4},"end":{"line":56,"column":5}},"type":"if","locations":[{"start":{"line":54,"column":4},"end":{"line":56,"column":5}},{"start":{},"end":{}}],"line":54},"2":{"loc":{"start":{"line":54,"column":8},"end":{"line":54,"column":65}},"type":"binary-expr","locations":[{"start":{"line":54,"column":8},"end":{"line":54,"column":17}},{"start":{"line":54,"column":21},"end":{"line":54,"column":65}}],"line":54},"3":{"loc":{"start":{"line":60,"column":4},"end":{"line":62,"column":5}},"type":"if","locations":[{"start":{"line":60,"column":4},"end":{"line":62,"column":5}},{"start":{},"end":{}}],"line":60},"4":{"loc":{"start":{"line":67,"column":14},"end":{"line":67,"column":26}},"type":"binary-expr","locations":[{"start":{"line":67,"column":14},"end":{"line":67,"column":18}},{"start":{"line":67,"column":22},"end":{"line":67,"column":26}}],"line":67},"5":{"loc":{"start":{"line":80,"column":4},"end":{"line":82,"column":5}},"type":"if","locations":[{"start":{"line":80,"column":4},"end":{"line":82,"column":5}},{"start":{},"end":{}}],"line":80},"6":{"loc":{"start":{"line":80,"column":8},"end":{"line":80,"column":65}},"type":"binary-expr","locations":[{"start":{"line":80,"column":8},"end":{"line":80,"column":17}},{"start":{"line":80,"column":21},"end":{"line":80,"column":65}}],"line":80},"7":{"loc":{"start":{"line":90,"column":14},"end":{"line":90,"column":31}},"type":"binary-expr","locations":[{"start":{"line":90,"column":14},"end":{"line":90,"column":18}},{"start":{"line":90,"column":22},"end":{"line":90,"column":31}}],"line":90},"8":{"loc":{"start":{"line":91,"column":14},"end":{"line":91,"column":31}},"type":"binary-expr","locations":[{"start":{"line":91,"column":14},"end":{"line":91,"column":18}},{"start":{"line":91,"column":22},"end":{"line":91,"column":31}}],"line":91},"9":{"loc":{"start":{"line":104,"column":4},"end":{"line":106,"column":5}},"type":"if","locations":[{"start":{"line":104,"column":4},"end":{"line":106,"column":5}},{"start":{},"end":{}}],"line":104},"10":{"loc":{"start":{"line":104,"column":8},"end":{"line":104,"column":46}},"type":"binary-expr","locations":[{"start":{"line":104,"column":8},"end":{"line":104,"column":17}},{"start":{"line":104,"column":21},"end":{"line":104,"column":46}}],"line":104}},"s":{"0":1,"1":1,"2":0,"3":0,"4":0,"5":0,"6":1,"7":0,"8":0,"9":0,"10":0,"11":0,"12":0,"13":0,"14":1,"15":0,"16":0,"17":0,"18":0,"19":0,"20":0,"21":0,"22":0,"23":0,"24":1,"25":0,"26":0,"27":0,"28":0,"29":0,"30":0,"31":0,"32":0,"33":1,"34":0,"35":0,"36":0,"37":0,"38":0,"39":0,"40":0},"f":{"0":0,"1":0,"2":0,"3":0,"4":0},"b":{"0":[0,0],"1":[0,0],"2":[0,0],"3":[0,0],"4":[0,0],"5":[0,0],"6":[0,0],"7":[0,0],"8":[0,0],"9":[0,0],"10":[0,0]},"_coverageSchema":"1a1c01bbd47fc00a2c39e90264f33305004495a9","hash":"1a3d1f23f9921a45e19b5148b126c6e252169faf"}
,"D:\\code\\esgproject\\backend\\controllers\\storageController.js": {"path":"D:\\code\\esgproject\\backend\\controllers\\storageController.js","statementMap":{"0":{"start":{"line":4,"column":15},"end":{"line":4,"column":33}},"1":{"start":{"line":7,"column":35},"end":{"line":24,"column":1}},"2":{"start":{"line":8,"column":2},"end":{"line":23,"column":3}},"3":{"start":{"line":9,"column":22},"end":{"line":18,"column":6}},"4":{"start":{"line":20,"column":4},"end":{"line":20,"column":24}},"5":{"start":{"line":22,"column":4},"end":{"line":22,"column":97}},"6":{"start":{"line":27,"column":38},"end":{"line":50,"column":1}},"7":{"start":{"line":28,"column":2},"end":{"line":49,"column":3}},"8":{"start":{"line":29,"column":19},"end":{"line":29,"column":29}},"9":{"start":{"line":31,"column":21},"end":{"line":40,"column":6}},"10":{"start":{"line":42,"column":4},"end":{"line":44,"column":5}},"11":{"start":{"line":43,"column":6},"end":{"line":43,"column":75}},"12":{"start":{"line":46,"column":4},"end":{"line":46,"column":23}},"13":{"start":{"line":48,"column":4},"end":{"line":48,"column":96}},"14":{"start":{"line":53,"column":37},"end":{"line":71,"column":1}},"15":{"start":{"line":54,"column":2},"end":{"line":70,"column":3}},"16":{"start":{"line":55,"column":35},"end":{"line":55,"column":43}},"17":{"start":{"line":57,"column":21},"end":{"line":62,"column":6}},"18":{"start":{"line":65,"column":4},"end":{"line":65,"column":92}},"19":{"start":{"line":67,"column":4},"end":{"line":67,"column":35}},"20":{"start":{"line":69,"column":4},"end":{"line":69,"column":97}},"21":{"start":{"line":74,"column":37},"end":{"line":94,"column":1}},"22":{"start":{"line":75,"column":2},"end":{"line":93,"column":3}},"23":{"start":{"line":76,"column":19},"end":{"line":76,"column":29}},"24":{"start":{"line":77,"column":35},"end":{"line":77,"column":43}},"25":{"start":{"line":79,"column":21},"end":{"line":85,"column":6}},"26":{"start":{"line":88,"column":4},"end":{"line":88,"column":92}},"27":{"start":{"line":90,"column":4},"end":{"line":90,"column":23}},"28":{"start":{"line":92,"column":4},"end":{"line":92,"column":97}},"29":{"start":{"line":97,"column":37},"end":{"line":114,"column":1}},"30":{"start":{"line":98,"column":2},"end":{"line":113,"column":3}},"31":{"start":{"line":99,"column":19},"end":{"line":99,"column":29}},"32":{"start":{"line":101,"column":21},"end":{"line":101,"column":93}},"33":{"start":{"line":103,"column":4},"end":{"line":105,"column":7}},"34":{"start":{"line":108,"column":4},"end":{"line":108,"column":111}},"35":{"start":{"line":110,"column":4},"end":{"line":110,"column":67}},"36":{"start":{"line":112,"column":4},"end":{"line":112,"column":97}}},"fnMap":{"0":{"name":"(anonymous_0)","decl":{"start":{"line":7,"column":35},"end":{"line":7,"column":36}},"loc":{"start":{"line":7,"column":55},"end":{"line":24,"column":1}},"line":7},"1":{"name":"(anonymous_1)","decl":{"start":{"line":27,"column":38},"end":{"line":27,"column":39}},"loc":{"start":{"line":27,"column":58},"end":{"line":50,"column":1}},"line":27},"2":{"name":"(anonymous_2)","decl":{"start":{"line":53,"column":37},"end":{"line":53,"column":38}},"loc":{"start":{"line":53,"column":57},"end":{"line":71,"column":1}},"line":53},"3":{"name":"(anonymous_3)","decl":{"start":{"line":74,"column":37},"end":{"line":74,"column":38}},"loc":{"start":{"line":74,"column":57},"end":{"line":94,"column":1}},"line":74},"4":{"name":"(anonymous_4)","decl":{"start":{"line":97,"column":37},"end":{"line":97,"column":38}},"loc":{"start":{"line":97,"column":57},"end":{"line":114,"column":1}},"line":97}},"branchMap":{"0":{"loc":{"start":{"line":42,"column":4},"end":{"line":44,"column":5}},"type":"if","locations":[{"start":{"line":42,"column":4},"end":{"line":44,"column":5}},{"start":{},"end":{}}],"line":42}},"s":{"0":1,"1":1,"2":0,"3":0,"4":0,"5":0,"6":1,"7":0,"8":0,"9":0,"10":0,"11":0,"12":0,"13":0,"14":1,"15":0,"16":0,"17":0,"18":0,"19":0,"20":0,"21":1,"22":0,"23":0,"24":0,"25":0,"26":0,"27":0,"28":0,"29":1,"30":0,"31":0,"32":0,"33":0,"34":0,"35":0,"36":0},"f":{"0":0,"1":0,"2":0,"3":0,"4":0},"b":{"0":[0,0]},"_coverageSchema":"1a1c01bbd47fc00a2c39e90264f33305004495a9","hash":"59e38589c740f612e1817a1a0bf35bdd618fd1e0"}
}
