TN:
SF:controllers\analyticsController.js
FN:6,(anonymous_0)
FN:38,(anonymous_1)
FN:54,(anonymous_2)
FN:65,(anonymous_3)
FN:81,(anonymous_4)
FN:101,(anonymous_5)
FN:109,(anonymous_6)
FN:126,(anonymous_7)
FN:147,(anonymous_8)
FN:182,(anonymous_9)
FNF:10
FNH:0
FNDA:0,(anonymous_0)
FNDA:0,(anonymous_1)
FNDA:0,(anonymous_2)
FNDA:0,(anonymous_3)
FNDA:0,(anonymous_4)
FNDA:0,(anonymous_5)
FNDA:0,(anonymous_6)
FNDA:0,(anonymous_7)
FNDA:0,(anonymous_8)
FNDA:0,(anonymous_9)
DA:3,1
DA:6,1
DA:7,0
DA:9,0
DA:20,0
DA:38,0
DA:39,0
DA:40,0
DA:41,0
DA:43,0
DA:44,0
DA:45,0
DA:46,0
DA:48,0
DA:53,0
DA:54,0
DA:55,0
DA:58,0
DA:59,0
DA:60,0
DA:61,0
DA:65,0
DA:66,0
DA:67,0
DA:68,0
DA:69,0
DA:71,0
DA:72,0
DA:73,0
DA:75,0
DA:81,0
DA:82,0
DA:83,0
DA:94,0
DA:96,0
DA:101,1
DA:102,0
DA:103,0
DA:109,0
DA:116,0
DA:121,0
DA:126,1
DA:127,0
DA:128,0
DA:135,0
DA:144,0
DA:145,0
DA:147,0
DA:148,0
DA:149,0
DA:150,0
DA:152,0
DA:153,0
DA:154,0
DA:156,0
DA:157,0
DA:158,0
DA:160,0
DA:161,0
DA:162,0
DA:166,0
DA:167,0
DA:168,0
DA:169,0
DA:171,0
DA:172,0
DA:176,0
DA:177,0
DA:178,0
DA:179,0
DA:182,0
DA:183,0
DA:184,0
DA:187,0
DA:189,0
LF:75
LH:4
BRDA:40,0,0,0
BRDA:40,0,1,0
BRDA:43,1,0,0
BRDA:43,1,1,0
BRDA:45,2,0,0
BRDA:45,2,1,0
BRDA:53,3,0,0
BRDA:53,3,1,0
BRDA:55,4,0,0
BRDA:55,4,1,0
BRDA:58,5,0,0
BRDA:58,5,1,0
BRDA:59,6,0,0
BRDA:59,6,1,0
BRDA:60,7,0,0
BRDA:60,7,1,0
BRDA:66,8,0,0
BRDA:66,8,1,0
BRDA:68,9,0,0
BRDA:68,9,1,0
BRDA:72,10,0,0
BRDA:72,10,1,0
BRDA:82,11,0,0
BRDA:82,11,1,0
BRDA:82,12,0,0
BRDA:82,12,1,0
BRDA:88,13,0,0
BRDA:88,13,1,0
BRDA:148,14,0,0
BRDA:148,14,1,0
BRDA:152,15,0,0
BRDA:152,15,1,0
BRDA:156,16,0,0
BRDA:156,16,1,0
BRDA:160,17,0,0
BRDA:160,17,1,0
BRDA:166,18,0,0
BRDA:166,18,1,0
BRDA:168,19,0,0
BRDA:168,19,1,0
BRDA:172,20,0,0
BRDA:172,20,1,0
BRDA:176,21,0,0
BRDA:176,21,1,0
BRDA:177,22,0,0
BRDA:177,22,1,0
BRDA:178,23,0,0
BRDA:178,23,1,0
BRDA:179,24,0,0
BRDA:179,24,1,0
BRF:50
BRH:0
end_of_record
TN:
SF:controllers\auditController.js
FN:6,(anonymous_0)
FN:23,(anonymous_1)
FN:61,(anonymous_2)
FN:91,(anonymous_3)
FN:113,(anonymous_4)
FNF:5
FNH:0
FNDA:0,(anonymous_0)
FNDA:0,(anonymous_1)
FNDA:0,(anonymous_2)
FNDA:0,(anonymous_3)
FNDA:0,(anonymous_4)
DA:3,1
DA:6,1
DA:7,0
DA:8,0
DA:18,0
DA:23,1
DA:24,0
DA:25,0
DA:26,0
DA:29,0
DA:31,0
DA:32,0
DA:33,0
DA:35,0
DA:47,0
DA:49,0
DA:56,0
DA:61,1
DA:62,0
DA:63,0
DA:64,0
DA:67,0
DA:68,0
DA:70,0
DA:84,0
DA:86,0
DA:91,1
DA:92,0
DA:93,0
DA:94,0
DA:97,0
DA:105,0
DA:113,0
DA:115,0
DA:118,0
DA:121,0
DA:122,0
DA:125,0
DA:127,0
LF:39
LH:5
BRDA:6,0,0,0
BRDA:14,1,0,0
BRDA:14,1,1,0
BRDA:25,2,0,0
BRDA:25,2,1,0
BRDA:25,3,0,0
BRDA:25,3,1,0
BRDA:29,4,0,0
BRDA:29,5,0,0
BRDA:32,6,0,0
BRDA:32,6,1,0
BRDA:33,7,0,0
BRDA:33,7,1,0
BRDA:63,8,0,0
BRDA:63,8,1,0
BRDA:68,9,0,0
BRDA:68,9,1,0
BRDA:93,10,0,0
BRDA:93,10,1,0
BRDA:93,11,0,0
BRDA:93,11,1,0
BRDA:115,12,0,0
BRDA:115,12,1,0
BRDA:118,13,0,0
BRDA:118,13,1,0
BRDA:121,14,0,0
BRDA:121,14,1,0
BRDA:122,15,0,0
BRDA:122,15,1,0
BRF:29
BRH:0
end_of_record
TN:
SF:controllers\authController.js
FN:12,(anonymous_0)
FN:13,(anonymous_1)
FN:15,(anonymous_2)
FN:55,(anonymous_3)
FN:61,(anonymous_4)
FN:66,(anonymous_5)
FN:70,(anonymous_6)
FN:116,(anonymous_7)
FN:163,(anonymous_8)
FN:217,(anonymous_9)
FN:264,(anonymous_10)
FN:290,(anonymous_11)
FN:313,(anonymous_12)
FN:342,(anonymous_13)
FN:374,(anonymous_14)
FN:405,(anonymous_15)
FNF:16
FNH:8
FNDA:22,(anonymous_0)
FNDA:11,(anonymous_1)
FNDA:10,(anonymous_2)
FNDA:3,(anonymous_3)
FNDA:2,(anonymous_4)
FNDA:1,(anonymous_5)
FNDA:4,(anonymous_6)
FNDA:0,(anonymous_7)
FNDA:0,(anonymous_8)
FNDA:0,(anonymous_9)
FNDA:0,(anonymous_10)
FNDA:0,(anonymous_11)
FNDA:8,(anonymous_12)
FNDA:0,(anonymous_13)
FNDA:0,(anonymous_14)
FNDA:0,(anonymous_15)
DA:6,2
DA:8,2
DA:9,2
DA:11,2
DA:12,22
DA:13,11
DA:15,2
DA:16,10
DA:18,9
DA:19,0
DA:22,9
DA:24,9
DA:25,9
DA:26,7
DA:27,7
DA:33,2
DA:34,2
DA:35,1
DA:36,1
DA:42,1
DA:43,1
DA:44,0
DA:45,0
DA:51,1
DA:55,2
DA:56,3
DA:57,3
DA:61,2
DA:62,2
DA:66,2
DA:67,1
DA:70,2
DA:71,4
DA:72,4
DA:74,4
DA:75,1
DA:78,3
DA:79,0
DA:82,3
DA:83,0
DA:86,3
DA:87,3
DA:88,0
DA:91,3
DA:92,3
DA:93,1
DA:96,2
DA:98,2
DA:109,2
DA:111,0
DA:116,2
DA:117,0
DA:118,0
DA:119,0
DA:122,0
DA:123,0
DA:124,0
DA:127,0
DA:128,0
DA:131,0
DA:132,0
DA:133,0
DA:136,0
DA:137,0
DA:139,0
DA:140,0
DA:141,0
DA:144,0
DA:146,0
DA:157,0
DA:159,0
DA:163,2
DA:164,0
DA:166,0
DA:167,0
DA:170,0
DA:172,0
DA:173,0
DA:176,0
DA:177,0
DA:180,0
DA:184,0
DA:185,0
DA:189,0
DA:192,0
DA:207,0
DA:212,0
DA:217,2
DA:218,0
DA:219,0
DA:221,0
DA:222,0
DA:226,0
DA:230,0
DA:231,0
DA:234,0
DA:235,0
DA:239,0
DA:241,0
DA:242,0
DA:246,0
DA:248,0
DA:259,0
DA:264,2
DA:265,0
DA:266,0
DA:268,0
DA:279,0
DA:280,0
DA:283,0
DA:285,0
DA:290,2
DA:291,0
DA:292,0
DA:293,0
DA:296,0
DA:307,0
DA:309,0
DA:313,2
DA:314,8
DA:315,8
DA:316,8
DA:317,2
DA:320,6
DA:321,1
DA:324,5
DA:325,2
DA:328,3
DA:329,3
DA:330,0
DA:333,3
DA:335,3
DA:337,0
DA:342,2
DA:343,0
DA:344,0
DA:345,0
DA:348,0
DA:349,0
DA:351,0
DA:352,0
DA:353,0
DA:356,0
DA:367,0
DA:369,0
DA:374,2
DA:375,0
DA:376,0
DA:377,0
DA:380,0
DA:383,0
DA:384,0
DA:387,0
DA:398,0
DA:400,0
DA:405,2
DA:406,0
DA:407,0
DA:408,0
DA:411,0
DA:413,0
DA:414,0
DA:417,0
DA:419,0
DA:421,0
LF:165
LH:64
BRDA:8,0,0,2
BRDA:8,0,1,2
BRDA:16,1,0,1
BRDA:16,1,1,9
BRDA:18,2,0,0
BRDA:18,2,1,9
BRDA:26,3,0,7
BRDA:26,3,1,0
BRDA:26,4,0,7
BRDA:26,4,1,7
BRDA:35,5,0,1
BRDA:35,5,1,0
BRDA:35,6,0,1
BRDA:35,6,1,1
BRDA:44,7,0,0
BRDA:44,7,1,0
BRDA:44,8,0,0
BRDA:44,8,1,0
BRDA:74,9,0,1
BRDA:74,9,1,3
BRDA:74,10,0,4
BRDA:74,10,1,3
BRDA:74,10,2,3
BRDA:78,11,0,0
BRDA:78,11,1,3
BRDA:82,12,0,0
BRDA:82,12,1,3
BRDA:87,13,0,0
BRDA:87,13,1,3
BRDA:92,14,0,1
BRDA:92,14,1,2
BRDA:118,15,0,0
BRDA:118,15,1,0
BRDA:118,16,0,0
BRDA:118,16,1,0
BRDA:123,17,0,0
BRDA:123,17,1,0
BRDA:123,18,0,0
BRDA:123,18,1,0
BRDA:123,18,2,0
BRDA:127,19,0,0
BRDA:127,19,1,0
BRDA:127,20,0,0
BRDA:127,20,1,0
BRDA:132,21,0,0
BRDA:132,21,1,0
BRDA:137,22,0,0
BRDA:137,22,1,0
BRDA:137,23,0,0
BRDA:137,23,1,0
BRDA:140,24,0,0
BRDA:140,24,1,0
BRDA:166,25,0,0
BRDA:166,25,1,0
BRDA:166,26,0,0
BRDA:166,26,1,0
BRDA:172,27,0,0
BRDA:172,27,1,0
BRDA:172,28,0,0
BRDA:172,28,1,0
BRDA:172,28,2,0
BRDA:177,29,0,0
BRDA:177,29,1,0
BRDA:177,30,0,0
BRDA:177,30,1,0
BRDA:184,31,0,0
BRDA:184,31,1,0
BRDA:221,32,0,0
BRDA:221,32,1,0
BRDA:221,33,0,0
BRDA:221,33,1,0
BRDA:230,34,0,0
BRDA:230,34,1,0
BRDA:234,35,0,0
BRDA:234,35,1,0
BRDA:241,36,0,0
BRDA:241,36,1,0
BRDA:279,37,0,0
BRDA:279,37,1,0
BRDA:292,38,0,0
BRDA:292,38,1,0
BRDA:292,39,0,0
BRDA:292,39,1,0
BRDA:316,40,0,2
BRDA:316,40,1,6
BRDA:320,41,0,1
BRDA:320,41,1,5
BRDA:324,42,0,2
BRDA:324,42,1,3
BRDA:329,43,0,0
BRDA:329,43,1,3
BRDA:344,44,0,0
BRDA:344,44,1,0
BRDA:344,45,0,0
BRDA:344,45,1,0
BRDA:352,46,0,0
BRDA:352,46,1,0
BRDA:376,47,0,0
BRDA:376,47,1,0
BRDA:376,48,0,0
BRDA:376,48,1,0
BRDA:383,49,0,0
BRDA:383,49,1,0
BRDA:407,50,0,0
BRDA:407,50,1,0
BRDA:407,51,0,0
BRDA:407,51,1,0
BRDA:413,52,0,0
BRDA:413,52,1,0
BRF:109
BRH:28
end_of_record
TN:
SF:controllers\departmentsController.js
FN:7,(anonymous_0)
FN:27,(anonymous_1)
FN:53,(anonymous_2)
FN:78,(anonymous_3)
FN:105,(anonymous_4)
FNF:5
FNH:0
FNDA:0,(anonymous_0)
FNDA:0,(anonymous_1)
FNDA:0,(anonymous_2)
FNDA:0,(anonymous_3)
FNDA:0,(anonymous_4)
DA:4,1
DA:7,1
DA:8,0
DA:9,0
DA:20,0
DA:22,0
DA:27,1
DA:28,0
DA:29,0
DA:31,0
DA:42,0
DA:43,0
DA:46,0
DA:48,0
DA:53,1
DA:54,0
DA:55,0
DA:57,0
DA:69,0
DA:71,0
DA:73,0
DA:78,1
DA:79,0
DA:80,0
DA:81,0
DA:83,0
DA:96,0
DA:98,0
DA:100,0
DA:105,1
DA:106,0
DA:107,0
DA:109,0
DA:111,0
DA:116,0
DA:118,0
DA:120,0
LF:37
LH:6
BRDA:42,0,0,0
BRDA:42,0,1,0
BRF:2
BRH:0
end_of_record
TN:
SF:controllers\exportController.js
FN:6,(anonymous_0)
FN:49,(anonymous_1)
FN:50,(anonymous_2)
FN:51,(anonymous_3)
FN:76,(anonymous_4)
FN:95,(anonymous_5)
FN:95,(anonymous_6)
FN:113,(anonymous_7)
FN:144,(anonymous_8)
FN:145,(anonymous_9)
FN:146,(anonymous_10)
FN:149,(anonymous_11)
FN:150,(anonymous_12)
FN:151,(anonymous_13)
FN:152,(anonymous_14)
FN:153,(anonymous_15)
FN:156,(anonymous_16)
FN:165,(anonymous_17)
FN:166,(anonymous_18)
FN:189,(anonymous_19)
FN:207,(anonymous_20)
FNF:21
FNH:0
FNDA:0,(anonymous_0)
FNDA:0,(anonymous_1)
FNDA:0,(anonymous_2)
FNDA:0,(anonymous_3)
FNDA:0,(anonymous_4)
FNDA:0,(anonymous_5)
FNDA:0,(anonymous_6)
FNDA:0,(anonymous_7)
FNDA:0,(anonymous_8)
FNDA:0,(anonymous_9)
FNDA:0,(anonymous_10)
FNDA:0,(anonymous_11)
FNDA:0,(anonymous_12)
FNDA:0,(anonymous_13)
FNDA:0,(anonymous_14)
FNDA:0,(anonymous_15)
FNDA:0,(anonymous_16)
FNDA:0,(anonymous_17)
FNDA:0,(anonymous_18)
FNDA:0,(anonymous_19)
FNDA:0,(anonymous_20)
DA:3,1
DA:6,1
DA:7,0
DA:8,0
DA:26,0
DA:48,0
DA:49,0
DA:50,0
DA:51,0
DA:52,0
DA:75,0
DA:76,0
DA:77,0
DA:93,0
DA:95,0
DA:97,0
DA:98,0
DA:104,0
DA:105,0
DA:106,0
DA:108,0
DA:113,1
DA:114,0
DA:115,0
DA:132,0
DA:133,0
DA:134,0
DA:136,0
DA:144,0
DA:145,0
DA:146,0
DA:149,0
DA:150,0
DA:151,0
DA:152,0
DA:153,0
DA:156,0
DA:165,0
DA:166,0
DA:182,0
DA:184,0
DA:189,1
DA:190,0
DA:191,0
DA:200,0
DA:207,0
DA:210,0
DA:211,0
DA:212,0
DA:214,0
LF:50
LH:4
BRDA:56,0,0,0
BRDA:56,0,1,0
BRDA:57,1,0,0
BRDA:57,1,1,0
BRDA:58,2,0,0
BRDA:58,2,1,0
BRDA:59,3,0,0
BRDA:59,3,1,0
BRDA:62,4,0,0
BRDA:62,4,1,0
BRDA:63,5,0,0
BRDA:63,5,1,0
BRDA:64,6,0,0
BRDA:64,6,1,0
BRDA:65,7,0,0
BRDA:65,7,1,0
BRDA:66,8,0,0
BRDA:66,8,1,0
BRDA:67,9,0,0
BRDA:67,9,1,0
BRDA:68,10,0,0
BRDA:68,10,1,0
BRDA:69,11,0,0
BRDA:69,11,1,0
BRDA:70,12,0,0
BRDA:70,12,1,0
BRDA:75,13,0,0
BRDA:75,13,1,0
BRDA:81,14,0,0
BRDA:81,14,1,0
BRDA:82,15,0,0
BRDA:82,15,1,0
BRDA:83,16,0,0
BRDA:83,16,1,0
BRDA:84,17,0,0
BRDA:84,17,1,0
BRDA:97,18,0,0
BRDA:97,18,1,0
BRDA:98,19,0,0
BRDA:98,19,1,0
BRDA:98,20,0,0
BRDA:98,20,1,0
BRDA:98,20,2,0
BRF:43
BRH:0
end_of_record
TN:
SF:controllers\importController.js
FN:8,(anonymous_0)
FN:9,(anonymous_1)
FN:10,(anonymous_2)
FN:12,(anonymous_3)
FN:13,(anonymous_4)
FN:19,(anonymous_5)
FN:36,(anonymous_6)
FN:37,(anonymous_7)
FN:40,(anonymous_8)
FN:44,(anonymous_9)
FN:46,(anonymous_10)
FN:56,(anonymous_11)
FN:85,(anonymous_12)
FN:118,(anonymous_13)
FN:162,(anonymous_14)
FN:232,(anonymous_15)
FN:290,(anonymous_16)
FN:306,(anonymous_17)
FN:339,(anonymous_18)
FN:383,(anonymous_19)
FN:405,(anonymous_20)
FN:436,(anonymous_21)
FN:480,(anonymous_22)
FN:509,(anonymous_23)
FN:516,(anonymous_24)
FNF:25
FNH:0
FNDA:0,(anonymous_0)
FNDA:0,(anonymous_1)
FNDA:0,(anonymous_2)
FNDA:0,(anonymous_3)
FNDA:0,(anonymous_4)
FNDA:0,(anonymous_5)
FNDA:0,(anonymous_6)
FNDA:0,(anonymous_7)
FNDA:0,(anonymous_8)
FNDA:0,(anonymous_9)
FNDA:0,(anonymous_10)
FNDA:0,(anonymous_11)
FNDA:0,(anonymous_12)
FNDA:0,(anonymous_13)
FNDA:0,(anonymous_14)
FNDA:0,(anonymous_15)
FNDA:0,(anonymous_16)
FNDA:0,(anonymous_17)
FNDA:0,(anonymous_18)
FNDA:0,(anonymous_19)
FNDA:0,(anonymous_20)
FNDA:0,(anonymous_21)
FNDA:0,(anonymous_22)
FNDA:0,(anonymous_23)
FNDA:0,(anonymous_24)
DA:5,1
DA:8,1
DA:9,0
DA:10,0
DA:11,0
DA:12,0
DA:13,0
DA:19,1
DA:22,0
DA:23,0
DA:24,0
DA:26,0
DA:29,0
DA:30,0
DA:32,0
DA:36,1
DA:37,0
DA:38,0
DA:40,0
DA:41,0
DA:43,0
DA:44,0
DA:45,0
DA:46,0
DA:47,0
DA:49,0
DA:52,0
DA:56,1
DA:57,0
DA:59,0
DA:60,0
DA:63,0
DA:65,0
DA:66,0
DA:70,0
DA:73,0
DA:76,0
DA:78,0
DA:79,0
DA:83,0
DA:84,0
DA:85,0
DA:86,0
DA:87,0
DA:91,0
DA:92,0
DA:94,0
DA:95,0
DA:97,0
DA:108,0
DA:109,0
DA:110,0
DA:113,0
DA:116,0
DA:117,0
DA:118,0
DA:119,0
DA:120,0
DA:121,0
DA:122,0
DA:133,0
DA:139,0
DA:141,0
DA:145,0
DA:154,0
DA:162,1
DA:163,0
DA:165,0
DA:166,0
DA:169,0
DA:171,0
DA:172,0
DA:175,0
DA:176,0
DA:177,0
DA:179,0
DA:180,0
DA:183,0
DA:184,0
DA:186,0
DA:187,0
DA:188,0
DA:195,0
DA:196,0
DA:197,0
DA:200,0
DA:203,0
DA:209,0
DA:211,0
DA:215,0
DA:224,0
DA:232,1
DA:233,0
DA:234,0
DA:283,0
DA:285,0
DA:290,1
DA:291,0
DA:293,0
DA:294,0
DA:297,0
DA:299,0
DA:300,0
DA:304,0
DA:305,0
DA:306,0
DA:307,0
DA:308,0
DA:311,0
DA:312,0
DA:314,0
DA:315,0
DA:316,0
DA:327,0
DA:328,0
DA:329,0
DA:332,0
DA:335,0
DA:336,0
DA:338,0
DA:339,0
DA:340,0
DA:341,0
DA:342,0
DA:343,0
DA:354,0
DA:360,0
DA:362,0
DA:366,0
DA:375,0
DA:383,1
DA:384,0
DA:386,0
DA:387,0
DA:390,0
DA:391,0
DA:395,0
DA:396,0
DA:398,0
DA:399,0
DA:403,0
DA:404,0
DA:405,0
DA:406,0
DA:407,0
DA:410,0
DA:411,0
DA:413,0
DA:414,0
DA:415,0
DA:426,0
DA:427,0
DA:428,0
DA:431,0
DA:434,0
DA:435,0
DA:436,0
DA:437,0
DA:438,0
DA:439,0
DA:440,0
DA:451,0
DA:457,0
DA:459,0
DA:463,0
DA:472,0
DA:480,1
DA:481,0
DA:483,0
DA:484,0
DA:487,0
DA:489,0
DA:490,0
DA:493,0
DA:504,0
DA:507,0
DA:508,0
DA:509,0
DA:510,0
DA:511,0
DA:514,0
DA:515,0
DA:516,0
DA:519,0
DA:520,0
DA:521,0
DA:522,0
DA:533,0
DA:539,0
DA:546,0
LF:190
LH:10
BRDA:23,0,0,0
BRDA:23,0,1,0
BRDA:30,1,0,0
BRDA:30,1,1,0
BRDA:38,2,0,0
BRDA:38,2,1,0
BRDA:47,3,0,0
BRDA:47,3,1,0
BRDA:59,4,0,0
BRDA:59,4,1,0
BRDA:59,5,0,0
BRDA:59,5,1,0
BRDA:65,6,0,0
BRDA:65,6,1,0
BRDA:78,7,0,0
BRDA:78,7,1,0
BRDA:98,8,0,0
BRDA:98,8,1,0
BRDA:98,8,2,0
BRDA:98,8,3,0
BRDA:99,9,0,0
BRDA:99,9,1,0
BRDA:99,9,2,0
BRDA:100,10,0,0
BRDA:100,10,1,0
BRDA:100,10,2,0
BRDA:101,11,0,0
BRDA:101,11,1,0
BRDA:101,11,2,0
BRDA:102,12,0,0
BRDA:102,12,1,0
BRDA:102,12,2,0
BRDA:103,13,0,0
BRDA:103,13,1,0
BRDA:103,13,2,0
BRDA:104,14,0,0
BRDA:104,14,1,0
BRDA:104,14,2,0
BRDA:105,15,0,0
BRDA:105,15,1,0
BRDA:105,15,2,0
BRDA:108,16,0,0
BRDA:108,16,1,0
BRDA:108,17,0,0
BRDA:108,17,1,0
BRDA:116,18,0,0
BRDA:116,18,1,0
BRDA:116,18,2,0
BRDA:116,18,3,0
BRDA:116,18,4,0
BRDA:117,19,0,0
BRDA:117,19,1,0
BRDA:117,20,0,0
BRDA:117,20,1,0
BRDA:121,21,0,0
BRDA:121,21,1,0
BRDA:150,22,0,0
BRDA:150,22,1,0
BRDA:165,23,0,0
BRDA:165,23,1,0
BRDA:165,24,0,0
BRDA:165,24,1,0
BRDA:171,25,0,0
BRDA:171,25,1,0
BRDA:179,26,0,0
BRDA:179,26,1,0
BRDA:189,27,0,0
BRDA:189,27,1,0
BRDA:189,27,2,0
BRDA:189,27,3,0
BRDA:190,28,0,0
BRDA:190,28,1,0
BRDA:190,28,2,0
BRDA:191,29,0,0
BRDA:191,29,1,0
BRDA:191,29,2,0
BRDA:192,30,0,0
BRDA:192,30,1,0
BRDA:192,30,2,0
BRDA:192,30,3,0
BRDA:195,31,0,0
BRDA:195,31,1,0
BRDA:195,32,0,0
BRDA:195,32,1,0
BRDA:220,33,0,0
BRDA:220,33,1,0
BRDA:293,34,0,0
BRDA:293,34,1,0
BRDA:293,35,0,0
BRDA:293,35,1,0
BRDA:299,36,0,0
BRDA:299,36,1,0
BRDA:299,37,0,0
BRDA:299,37,1,0
BRDA:317,38,0,0
BRDA:317,38,1,0
BRDA:318,39,0,0
BRDA:318,39,1,0
BRDA:319,40,0,0
BRDA:319,40,1,0
BRDA:320,41,0,0
BRDA:320,41,1,0
BRDA:321,42,0,0
BRDA:321,42,1,0
BRDA:322,43,0,0
BRDA:322,43,1,0
BRDA:323,44,0,0
BRDA:323,44,1,0
BRDA:324,45,0,0
BRDA:324,45,1,0
BRDA:327,46,0,0
BRDA:327,46,1,0
BRDA:327,47,0,0
BRDA:327,47,1,0
BRDA:335,48,0,0
BRDA:335,48,1,0
BRDA:336,49,0,0
BRDA:336,49,1,0
BRDA:336,50,0,0
BRDA:336,50,1,0
BRDA:338,51,0,0
BRDA:338,51,1,0
BRDA:342,52,0,0
BRDA:342,52,1,0
BRDA:371,53,0,0
BRDA:371,53,1,0
BRDA:386,54,0,0
BRDA:386,54,1,0
BRDA:386,55,0,0
BRDA:386,55,1,0
BRDA:390,56,0,0
BRDA:390,56,1,0
BRDA:398,57,0,0
BRDA:398,57,1,0
BRDA:416,58,0,0
BRDA:416,58,1,0
BRDA:416,58,2,0
BRDA:416,58,3,0
BRDA:417,59,0,0
BRDA:417,59,1,0
BRDA:417,59,2,0
BRDA:418,60,0,0
BRDA:418,60,1,0
BRDA:418,60,2,0
BRDA:419,61,0,0
BRDA:419,61,1,0
BRDA:419,61,2,0
BRDA:420,62,0,0
BRDA:420,62,1,0
BRDA:420,62,2,0
BRDA:421,63,0,0
BRDA:421,63,1,0
BRDA:421,63,2,0
BRDA:422,64,0,0
BRDA:422,64,1,0
BRDA:422,64,2,0
BRDA:423,65,0,0
BRDA:423,65,1,0
BRDA:423,65,2,0
BRDA:426,66,0,0
BRDA:426,66,1,0
BRDA:426,67,0,0
BRDA:426,67,1,0
BRDA:434,68,0,0
BRDA:434,68,1,0
BRDA:434,68,2,0
BRDA:434,68,3,0
BRDA:434,68,4,0
BRDA:435,69,0,0
BRDA:435,69,1,0
BRDA:435,70,0,0
BRDA:435,70,1,0
BRDA:439,71,0,0
BRDA:439,71,1,0
BRDA:468,72,0,0
BRDA:468,72,1,0
BRDA:483,73,0,0
BRDA:483,73,1,0
BRDA:483,74,0,0
BRDA:483,74,1,0
BRDA:489,75,0,0
BRDA:489,75,1,0
BRDA:489,76,0,0
BRDA:489,76,1,0
BRDA:495,77,0,0
BRDA:495,77,1,0
BRDA:496,78,0,0
BRDA:496,78,1,0
BRDA:497,79,0,0
BRDA:497,79,1,0
BRDA:498,80,0,0
BRDA:498,80,1,0
BRDA:499,81,0,0
BRDA:499,81,1,0
BRDA:500,82,0,0
BRDA:500,82,1,0
BRDA:501,83,0,0
BRDA:501,83,1,0
BRDA:514,84,0,0
BRDA:514,84,1,0
BRDA:515,85,0,0
BRDA:515,85,1,0
BRDA:517,86,0,0
BRDA:517,86,1,0
BRDA:521,87,0,0
BRDA:521,87,1,0
BRF:206
BRH:0
end_of_record
TN:
SF:controllers\metricLinksController.js
FN:7,(anonymous_0)
FN:31,(anonymous_1)
FN:56,(anonymous_2)
FN:91,(anonymous_3)
FN:130,(anonymous_4)
FNF:5
FNH:0
FNDA:0,(anonymous_0)
FNDA:0,(anonymous_1)
FNDA:0,(anonymous_2)
FNDA:0,(anonymous_3)
FNDA:0,(anonymous_4)
DA:4,1
DA:7,1
DA:8,0
DA:9,0
DA:11,0
DA:13,0
DA:24,0
DA:26,0
DA:31,1
DA:32,0
DA:33,0
DA:35,0
DA:45,0
DA:46,0
DA:49,0
DA:51,0
DA:56,1
DA:57,0
DA:58,0
DA:59,0
DA:76,0
DA:84,0
DA:86,0
DA:91,1
DA:92,0
DA:93,0
DA:94,0
DA:95,0
DA:96,0
DA:114,0
DA:123,0
DA:125,0
DA:130,1
DA:131,0
DA:132,0
DA:133,0
DA:134,0
DA:137,0
DA:145,0
DA:147,0
LF:40
LH:6
BRDA:11,0,0,0
BRDA:11,0,1,0
BRDA:45,1,0,0
BRDA:45,1,1,0
BRDA:66,2,0,0
BRDA:66,2,1,0
BRDA:104,3,0,0
BRDA:104,3,1,0
BRF:8
BRH:0
end_of_record
TN:
SF:controllers\metricsController.js
FN:7,(anonymous_0)
FN:43,(anonymous_1)
FN:71,(anonymous_2)
FN:103,(anonymous_3)
FN:137,(anonymous_4)
FN:163,(anonymous_5)
FNF:6
FNH:0
FNDA:0,(anonymous_0)
FNDA:0,(anonymous_1)
FNDA:0,(anonymous_2)
FNDA:0,(anonymous_3)
FNDA:0,(anonymous_4)
FNDA:0,(anonymous_5)
DA:4,1
DA:7,1
DA:8,0
DA:9,0
DA:11,0
DA:13,0
DA:14,0
DA:15,0
DA:16,0
DA:22,0
DA:36,0
DA:38,0
DA:43,1
DA:44,0
DA:45,0
DA:47,0
DA:60,0
DA:61,0
DA:64,0
DA:66,0
DA:71,1
DA:72,0
DA:74,0
DA:75,0
DA:78,0
DA:80,0
DA:94,0
DA:96,0
DA:98,0
DA:103,1
DA:104,0
DA:106,0
DA:107,0
DA:110,0
DA:111,0
DA:113,0
DA:128,0
DA:130,0
DA:132,0
DA:137,1
DA:138,0
DA:140,0
DA:141,0
DA:144,0
DA:147,0
DA:149,0
DA:154,0
DA:156,0
DA:158,0
DA:163,1
DA:164,0
DA:165,0
DA:166,0
DA:170,0
DA:175,0
DA:181,0
LF:56
LH:7
BRDA:13,0,0,0
BRDA:13,0,1,0
BRDA:14,1,0,0
BRDA:14,1,1,0
BRDA:15,2,0,0
BRDA:15,2,1,0
BRDA:60,3,0,0
BRDA:60,3,1,0
BRDA:74,4,0,0
BRDA:74,4,1,0
BRDA:74,5,0,0
BRDA:74,5,1,0
BRDA:89,6,0,0
BRDA:89,6,1,0
BRDA:106,7,0,0
BRDA:106,7,1,0
BRDA:106,8,0,0
BRDA:106,8,1,0
BRDA:140,9,0,0
BRDA:140,9,1,0
BRDA:140,10,0,0
BRDA:140,10,1,0
BRF:22
BRH:0
end_of_record
TN:
SF:controllers\sourcesController.js
FN:7,(anonymous_0)
FN:27,(anonymous_1)
FN:53,(anonymous_2)
FN:76,(anonymous_3)
FN:101,(anonymous_4)
FNF:5
FNH:0
FNDA:0,(anonymous_0)
FNDA:0,(anonymous_1)
FNDA:0,(anonymous_2)
FNDA:0,(anonymous_3)
FNDA:0,(anonymous_4)
DA:4,1
DA:7,1
DA:8,0
DA:9,0
DA:20,0
DA:22,0
DA:27,1
DA:28,0
DA:29,0
DA:31,0
DA:42,0
DA:43,0
DA:46,0
DA:48,0
DA:53,1
DA:54,0
DA:55,0
DA:57,0
DA:67,0
DA:69,0
DA:71,0
DA:76,1
DA:77,0
DA:78,0
DA:79,0
DA:81,0
DA:92,0
DA:94,0
DA:96,0
DA:101,1
DA:102,0
DA:103,0
DA:105,0
DA:107,0
DA:112,0
DA:114,0
DA:116,0
LF:37
LH:6
BRDA:42,0,0,0
BRDA:42,0,1,0
BRF:2
BRH:0
end_of_record
TN:
SF:controllers\standardsController.js
FN:6,(anonymous_0)
FN:26,(anonymous_1)
FN:52,(anonymous_2)
FN:78,(anonymous_3)
FN:102,(anonymous_4)
FNF:5
FNH:0
FNDA:0,(anonymous_0)
FNDA:0,(anonymous_1)
FNDA:0,(anonymous_2)
FNDA:0,(anonymous_3)
FNDA:0,(anonymous_4)
DA:3,1
DA:6,1
DA:7,0
DA:8,0
DA:19,0
DA:21,0
DA:26,1
DA:27,0
DA:28,0
DA:30,0
DA:41,0
DA:42,0
DA:45,0
DA:47,0
DA:52,1
DA:53,0
DA:54,0
DA:55,0
DA:58,0
DA:60,0
DA:61,0
DA:64,0
DA:71,0
DA:73,0
DA:78,1
DA:79,0
DA:80,0
DA:81,0
DA:84,0
DA:85,0
DA:87,0
DA:95,0
DA:97,0
DA:102,1
DA:103,0
DA:104,0
DA:105,0
DA:108,0
DA:110,0
DA:114,0
DA:116,0
LF:41
LH:6
BRDA:41,0,0,0
BRDA:41,0,1,0
BRDA:54,1,0,0
BRDA:54,1,1,0
BRDA:54,2,0,0
BRDA:54,2,1,0
BRDA:60,3,0,0
BRDA:60,3,1,0
BRDA:67,4,0,0
BRDA:67,4,1,0
BRDA:80,5,0,0
BRDA:80,5,1,0
BRDA:80,6,0,0
BRDA:80,6,1,0
BRDA:90,7,0,0
BRDA:90,7,1,0
BRDA:91,8,0,0
BRDA:91,8,1,0
BRDA:104,9,0,0
BRDA:104,9,1,0
BRDA:104,10,0,0
BRDA:104,10,1,0
BRF:22
BRH:0
end_of_record
TN:
SF:controllers\storageController.js
FN:7,(anonymous_0)
FN:27,(anonymous_1)
FN:53,(anonymous_2)
FN:74,(anonymous_3)
FN:97,(anonymous_4)
FNF:5
FNH:0
FNDA:0,(anonymous_0)
FNDA:0,(anonymous_1)
FNDA:0,(anonymous_2)
FNDA:0,(anonymous_3)
FNDA:0,(anonymous_4)
DA:4,1
DA:7,1
DA:8,0
DA:9,0
DA:20,0
DA:22,0
DA:27,1
DA:28,0
DA:29,0
DA:31,0
DA:42,0
DA:43,0
DA:46,0
DA:48,0
DA:53,1
DA:54,0
DA:55,0
DA:57,0
DA:65,0
DA:67,0
DA:69,0
DA:74,1
DA:75,0
DA:76,0
DA:77,0
DA:79,0
DA:88,0
DA:90,0
DA:92,0
DA:97,1
DA:98,0
DA:99,0
DA:101,0
DA:103,0
DA:108,0
DA:110,0
DA:112,0
LF:37
LH:6
BRDA:42,0,0,0
BRDA:42,0,1,0
BRF:2
BRH:0
end_of_record
