TN:
SF:controllers\analyticsController.js
FN:6,(anonymous_0)
FN:38,(anonymous_1)
FN:54,(anonymous_2)
FN:65,(anonymous_3)
FN:81,(anonymous_4)
FN:101,(anonymous_5)
FN:109,(anonymous_6)
FN:126,(anonymous_7)
FN:147,(anonymous_8)
FN:182,(anonymous_9)
FNF:10
FNH:0
FNDA:0,(anonymous_0)
FNDA:0,(anonymous_1)
FNDA:0,(anonymous_2)
FNDA:0,(anonymous_3)
FNDA:0,(anonymous_4)
FNDA:0,(anonymous_5)
FNDA:0,(anonymous_6)
FNDA:0,(anonymous_7)
FNDA:0,(anonymous_8)
FNDA:0,(anonymous_9)
DA:3,1
DA:6,1
DA:7,0
DA:9,0
DA:20,0
DA:38,0
DA:39,0
DA:40,0
DA:41,0
DA:43,0
DA:44,0
DA:45,0
DA:46,0
DA:48,0
DA:53,0
DA:54,0
DA:55,0
DA:58,0
DA:59,0
DA:60,0
DA:61,0
DA:65,0
DA:66,0
DA:67,0
DA:68,0
DA:69,0
DA:71,0
DA:72,0
DA:73,0
DA:75,0
DA:81,0
DA:82,0
DA:83,0
DA:94,0
DA:96,0
DA:101,1
DA:102,0
DA:103,0
DA:109,0
DA:116,0
DA:121,0
DA:126,1
DA:127,0
DA:128,0
DA:135,0
DA:144,0
DA:145,0
DA:147,0
DA:148,0
DA:149,0
DA:150,0
DA:152,0
DA:153,0
DA:154,0
DA:156,0
DA:157,0
DA:158,0
DA:160,0
DA:161,0
DA:162,0
DA:166,0
DA:167,0
DA:168,0
DA:169,0
DA:171,0
DA:172,0
DA:176,0
DA:177,0
DA:178,0
DA:179,0
DA:182,0
DA:183,0
DA:184,0
DA:187,0
DA:189,0
LF:75
LH:4
BRDA:40,0,0,0
BRDA:40,0,1,0
BRDA:43,1,0,0
BRDA:43,1,1,0
BRDA:45,2,0,0
BRDA:45,2,1,0
BRDA:53,3,0,0
BRDA:53,3,1,0
BRDA:55,4,0,0
BRDA:55,4,1,0
BRDA:58,5,0,0
BRDA:58,5,1,0
BRDA:59,6,0,0
BRDA:59,6,1,0
BRDA:60,7,0,0
BRDA:60,7,1,0
BRDA:66,8,0,0
BRDA:66,8,1,0
BRDA:68,9,0,0
BRDA:68,9,1,0
BRDA:72,10,0,0
BRDA:72,10,1,0
BRDA:82,11,0,0
BRDA:82,11,1,0
BRDA:82,12,0,0
BRDA:82,12,1,0
BRDA:88,13,0,0
BRDA:88,13,1,0
BRDA:148,14,0,0
BRDA:148,14,1,0
BRDA:152,15,0,0
BRDA:152,15,1,0
BRDA:156,16,0,0
BRDA:156,16,1,0
BRDA:160,17,0,0
BRDA:160,17,1,0
BRDA:166,18,0,0
BRDA:166,18,1,0
BRDA:168,19,0,0
BRDA:168,19,1,0
BRDA:172,20,0,0
BRDA:172,20,1,0
BRDA:176,21,0,0
BRDA:176,21,1,0
BRDA:177,22,0,0
BRDA:177,22,1,0
BRDA:178,23,0,0
BRDA:178,23,1,0
BRDA:179,24,0,0
BRDA:179,24,1,0
BRF:50
BRH:0
end_of_record
TN:
SF:controllers\auditController.js
FN:6,(anonymous_0)
FN:23,(anonymous_1)
FN:61,(anonymous_2)
FN:91,(anonymous_3)
FN:113,(anonymous_4)
FNF:5
FNH:0
FNDA:0,(anonymous_0)
FNDA:0,(anonymous_1)
FNDA:0,(anonymous_2)
FNDA:0,(anonymous_3)
FNDA:0,(anonymous_4)
DA:3,1
DA:6,1
DA:7,0
DA:8,0
DA:18,0
DA:23,1
DA:24,0
DA:25,0
DA:26,0
DA:29,0
DA:31,0
DA:32,0
DA:33,0
DA:35,0
DA:47,0
DA:49,0
DA:56,0
DA:61,1
DA:62,0
DA:63,0
DA:64,0
DA:67,0
DA:68,0
DA:70,0
DA:84,0
DA:86,0
DA:91,1
DA:92,0
DA:93,0
DA:94,0
DA:97,0
DA:105,0
DA:113,0
DA:115,0
DA:118,0
DA:121,0
DA:122,0
DA:125,0
DA:127,0
LF:39
LH:5
BRDA:6,0,0,0
BRDA:14,1,0,0
BRDA:14,1,1,0
BRDA:25,2,0,0
BRDA:25,2,1,0
BRDA:25,3,0,0
BRDA:25,3,1,0
BRDA:29,4,0,0
BRDA:29,5,0,0
BRDA:32,6,0,0
BRDA:32,6,1,0
BRDA:33,7,0,0
BRDA:33,7,1,0
BRDA:63,8,0,0
BRDA:63,8,1,0
BRDA:68,9,0,0
BRDA:68,9,1,0
BRDA:93,10,0,0
BRDA:93,10,1,0
BRDA:93,11,0,0
BRDA:93,11,1,0
BRDA:115,12,0,0
BRDA:115,12,1,0
BRDA:118,13,0,0
BRDA:118,13,1,0
BRDA:121,14,0,0
BRDA:121,14,1,0
BRDA:122,15,0,0
BRDA:122,15,1,0
BRF:29
BRH:0
end_of_record
TN:
SF:controllers\authController.js
FN:13,(anonymous_0)
FN:14,(anonymous_1)
FN:16,(anonymous_2)
FN:55,(anonymous_3)
FN:60,(anonymous_4)
FN:66,(anonymous_5)
FN:73,(anonymous_6)
FN:73,(anonymous_7)
FN:75,(anonymous_8)
FN:84,(anonymous_9)
FN:87,(anonymous_10)
FN:87,(anonymous_11)
FN:88,(anonymous_12)
FN:116,(anonymous_13)
FN:134,(anonymous_14)
FN:140,(anonymous_15)
FN:145,(anonymous_16)
FN:149,(anonymous_17)
FN:195,(anonymous_18)
FN:242,(anonymous_19)
FN:305,(anonymous_20)
FN:352,(anonymous_21)
FN:378,(anonymous_22)
FN:401,(anonymous_23)
FN:430,(anonymous_24)
FN:462,(anonymous_25)
FN:493,(anonymous_26)
FNF:27
FNH:12
FNDA:28,(anonymous_0)
FNDA:11,(anonymous_1)
FNDA:11,(anonymous_2)
FNDA:1,(anonymous_3)
FNDA:0,(anonymous_4)
FNDA:0,(anonymous_5)
FNDA:1,(anonymous_6)
FNDA:1,(anonymous_7)
FNDA:0,(anonymous_8)
FNDA:0,(anonymous_9)
FNDA:0,(anonymous_10)
FNDA:0,(anonymous_11)
FNDA:0,(anonymous_12)
FNDA:4,(anonymous_13)
FNDA:3,(anonymous_14)
FNDA:2,(anonymous_15)
FNDA:1,(anonymous_16)
FNDA:4,(anonymous_17)
FNDA:0,(anonymous_18)
FNDA:0,(anonymous_19)
FNDA:0,(anonymous_20)
FNDA:0,(anonymous_21)
FNDA:0,(anonymous_22)
FNDA:8,(anonymous_23)
FNDA:0,(anonymous_24)
FNDA:0,(anonymous_25)
FNDA:0,(anonymous_26)
DA:7,2
DA:9,2
DA:10,2
DA:12,2
DA:13,28
DA:14,11
DA:16,2
DA:17,11
DA:19,10
DA:20,0
DA:23,10
DA:25,10
DA:26,10
DA:27,8
DA:28,8
DA:34,2
DA:35,2
DA:36,1
DA:37,1
DA:43,1
DA:44,1
DA:45,0
DA:46,0
DA:52,1
DA:55,2
DA:56,1
DA:58,1
DA:60,1
DA:61,1
DA:62,0
DA:66,1
DA:68,1
DA:69,1
DA:70,1
DA:71,1
DA:73,1
DA:74,1
DA:75,1
DA:76,0
DA:77,0
DA:78,0
DA:79,0
DA:82,1
DA:83,1
DA:84,1
DA:87,1
DA:88,0
DA:89,0
DA:90,0
DA:94,1
DA:95,0
DA:96,0
DA:97,0
DA:98,0
DA:99,0
DA:100,0
DA:102,0
DA:103,0
DA:105,0
DA:106,0
DA:109,1
DA:113,1
DA:116,2
DA:117,4
DA:119,4
DA:120,4
DA:122,4
DA:123,0
DA:126,4
DA:127,1
DA:130,3
DA:134,2
DA:135,3
DA:136,3
DA:140,2
DA:141,2
DA:145,2
DA:146,1
DA:149,2
DA:150,4
DA:151,4
DA:153,4
DA:154,1
DA:157,3
DA:158,0
DA:161,3
DA:162,0
DA:165,3
DA:166,3
DA:167,0
DA:170,3
DA:171,3
DA:172,1
DA:175,2
DA:177,2
DA:188,2
DA:190,0
DA:195,2
DA:196,0
DA:197,0
DA:198,0
DA:201,0
DA:202,0
DA:203,0
DA:206,0
DA:207,0
DA:210,0
DA:211,0
DA:212,0
DA:215,0
DA:216,0
DA:218,0
DA:219,0
DA:220,0
DA:223,0
DA:225,0
DA:236,0
DA:238,0
DA:242,2
DA:243,0
DA:245,0
DA:246,0
DA:249,0
DA:251,0
DA:252,0
DA:255,0
DA:256,0
DA:259,0
DA:260,0
DA:261,0
DA:264,0
DA:265,0
DA:268,0
DA:272,0
DA:273,0
DA:277,0
DA:280,0
DA:295,0
DA:300,0
DA:305,2
DA:306,0
DA:307,0
DA:309,0
DA:310,0
DA:314,0
DA:318,0
DA:319,0
DA:322,0
DA:323,0
DA:327,0
DA:329,0
DA:330,0
DA:334,0
DA:336,0
DA:347,0
DA:352,2
DA:353,0
DA:354,0
DA:356,0
DA:367,0
DA:368,0
DA:371,0
DA:373,0
DA:378,2
DA:379,0
DA:380,0
DA:381,0
DA:384,0
DA:395,0
DA:397,0
DA:401,2
DA:402,8
DA:403,8
DA:404,8
DA:405,2
DA:408,6
DA:409,1
DA:412,5
DA:413,2
DA:416,3
DA:417,3
DA:418,0
DA:421,3
DA:423,3
DA:425,0
DA:430,2
DA:431,0
DA:432,0
DA:433,0
DA:436,0
DA:437,0
DA:439,0
DA:440,0
DA:441,0
DA:444,0
DA:455,0
DA:457,0
DA:462,2
DA:463,0
DA:464,0
DA:465,0
DA:468,0
DA:471,0
DA:472,0
DA:475,0
DA:486,0
DA:488,0
DA:493,2
DA:494,0
DA:495,0
DA:496,0
DA:499,0
DA:501,0
DA:502,0
DA:505,0
DA:507,0
DA:509,0
LF:217
LH:92
BRDA:9,0,0,2
BRDA:9,0,1,2
BRDA:17,1,0,1
BRDA:17,1,1,10
BRDA:19,2,0,0
BRDA:19,2,1,10
BRDA:27,3,0,8
BRDA:27,3,1,0
BRDA:27,4,0,8
BRDA:27,4,1,8
BRDA:36,5,0,1
BRDA:36,5,1,0
BRDA:36,6,0,1
BRDA:36,6,1,1
BRDA:45,7,0,0
BRDA:45,7,1,0
BRDA:45,8,0,0
BRDA:45,8,1,0
BRDA:55,9,0,1
BRDA:56,10,0,0
BRDA:56,10,1,1
BRDA:61,11,0,0
BRDA:61,11,1,1
BRDA:61,12,0,1
BRDA:61,12,1,1
BRDA:77,13,0,0
BRDA:77,13,1,0
BRDA:89,14,0,0
BRDA:89,14,1,0
BRDA:105,15,0,0
BRDA:105,15,1,0
BRDA:105,16,0,0
BRDA:105,16,1,0
BRDA:117,17,0,0
BRDA:117,17,1,4
BRDA:120,18,0,0
BRDA:120,18,1,4
BRDA:122,19,0,0
BRDA:122,19,1,4
BRDA:126,20,0,1
BRDA:126,20,1,3
BRDA:153,21,0,1
BRDA:153,21,1,3
BRDA:153,22,0,4
BRDA:153,22,1,3
BRDA:153,22,2,3
BRDA:157,23,0,0
BRDA:157,23,1,3
BRDA:161,24,0,0
BRDA:161,24,1,3
BRDA:166,25,0,0
BRDA:166,25,1,3
BRDA:171,26,0,1
BRDA:171,26,1,2
BRDA:197,27,0,0
BRDA:197,27,1,0
BRDA:197,28,0,0
BRDA:197,28,1,0
BRDA:202,29,0,0
BRDA:202,29,1,0
BRDA:202,30,0,0
BRDA:202,30,1,0
BRDA:202,30,2,0
BRDA:206,31,0,0
BRDA:206,31,1,0
BRDA:206,32,0,0
BRDA:206,32,1,0
BRDA:211,33,0,0
BRDA:211,33,1,0
BRDA:216,34,0,0
BRDA:216,34,1,0
BRDA:216,35,0,0
BRDA:216,35,1,0
BRDA:219,36,0,0
BRDA:219,36,1,0
BRDA:245,37,0,0
BRDA:245,37,1,0
BRDA:245,38,0,0
BRDA:245,38,1,0
BRDA:251,39,0,0
BRDA:251,39,1,0
BRDA:251,40,0,0
BRDA:251,40,1,0
BRDA:251,40,2,0
BRDA:255,41,0,0
BRDA:255,41,1,0
BRDA:255,42,0,0
BRDA:255,42,1,0
BRDA:260,43,0,0
BRDA:260,43,1,0
BRDA:265,44,0,0
BRDA:265,44,1,0
BRDA:265,45,0,0
BRDA:265,45,1,0
BRDA:272,46,0,0
BRDA:272,46,1,0
BRDA:309,47,0,0
BRDA:309,47,1,0
BRDA:309,48,0,0
BRDA:309,48,1,0
BRDA:318,49,0,0
BRDA:318,49,1,0
BRDA:322,50,0,0
BRDA:322,50,1,0
BRDA:329,51,0,0
BRDA:329,51,1,0
BRDA:367,52,0,0
BRDA:367,52,1,0
BRDA:380,53,0,0
BRDA:380,53,1,0
BRDA:380,54,0,0
BRDA:380,54,1,0
BRDA:404,55,0,2
BRDA:404,55,1,6
BRDA:408,56,0,1
BRDA:408,56,1,5
BRDA:412,57,0,2
BRDA:412,57,1,3
BRDA:417,58,0,0
BRDA:417,58,1,3
BRDA:432,59,0,0
BRDA:432,59,1,0
BRDA:432,60,0,0
BRDA:432,60,1,0
BRDA:440,61,0,0
BRDA:440,61,1,0
BRDA:464,62,0,0
BRDA:464,62,1,0
BRDA:464,63,0,0
BRDA:464,63,1,0
BRDA:471,64,0,0
BRDA:471,64,1,0
BRDA:495,65,0,0
BRDA:495,65,1,0
BRDA:495,66,0,0
BRDA:495,66,1,0
BRDA:501,67,0,0
BRDA:501,67,1,0
BRF:138
BRH:38
end_of_record
TN:
SF:controllers\departmentsController.js
FN:7,(anonymous_0)
FN:27,(anonymous_1)
FN:53,(anonymous_2)
FN:78,(anonymous_3)
FN:105,(anonymous_4)
FNF:5
FNH:0
FNDA:0,(anonymous_0)
FNDA:0,(anonymous_1)
FNDA:0,(anonymous_2)
FNDA:0,(anonymous_3)
FNDA:0,(anonymous_4)
DA:4,1
DA:7,1
DA:8,0
DA:9,0
DA:20,0
DA:22,0
DA:27,1
DA:28,0
DA:29,0
DA:31,0
DA:42,0
DA:43,0
DA:46,0
DA:48,0
DA:53,1
DA:54,0
DA:55,0
DA:57,0
DA:69,0
DA:71,0
DA:73,0
DA:78,1
DA:79,0
DA:80,0
DA:81,0
DA:83,0
DA:96,0
DA:98,0
DA:100,0
DA:105,1
DA:106,0
DA:107,0
DA:109,0
DA:111,0
DA:116,0
DA:118,0
DA:120,0
LF:37
LH:6
BRDA:42,0,0,0
BRDA:42,0,1,0
BRF:2
BRH:0
end_of_record
TN:
SF:controllers\exportController.js
FN:6,(anonymous_0)
FN:49,(anonymous_1)
FN:50,(anonymous_2)
FN:51,(anonymous_3)
FN:76,(anonymous_4)
FN:95,(anonymous_5)
FN:95,(anonymous_6)
FN:113,(anonymous_7)
FN:144,(anonymous_8)
FN:145,(anonymous_9)
FN:146,(anonymous_10)
FN:149,(anonymous_11)
FN:150,(anonymous_12)
FN:151,(anonymous_13)
FN:152,(anonymous_14)
FN:153,(anonymous_15)
FN:156,(anonymous_16)
FN:165,(anonymous_17)
FN:166,(anonymous_18)
FN:189,(anonymous_19)
FN:207,(anonymous_20)
FNF:21
FNH:0
FNDA:0,(anonymous_0)
FNDA:0,(anonymous_1)
FNDA:0,(anonymous_2)
FNDA:0,(anonymous_3)
FNDA:0,(anonymous_4)
FNDA:0,(anonymous_5)
FNDA:0,(anonymous_6)
FNDA:0,(anonymous_7)
FNDA:0,(anonymous_8)
FNDA:0,(anonymous_9)
FNDA:0,(anonymous_10)
FNDA:0,(anonymous_11)
FNDA:0,(anonymous_12)
FNDA:0,(anonymous_13)
FNDA:0,(anonymous_14)
FNDA:0,(anonymous_15)
FNDA:0,(anonymous_16)
FNDA:0,(anonymous_17)
FNDA:0,(anonymous_18)
FNDA:0,(anonymous_19)
FNDA:0,(anonymous_20)
DA:3,1
DA:6,1
DA:7,0
DA:8,0
DA:26,0
DA:48,0
DA:49,0
DA:50,0
DA:51,0
DA:52,0
DA:75,0
DA:76,0
DA:77,0
DA:93,0
DA:95,0
DA:97,0
DA:98,0
DA:104,0
DA:105,0
DA:106,0
DA:108,0
DA:113,1
DA:114,0
DA:115,0
DA:132,0
DA:133,0
DA:134,0
DA:136,0
DA:144,0
DA:145,0
DA:146,0
DA:149,0
DA:150,0
DA:151,0
DA:152,0
DA:153,0
DA:156,0
DA:165,0
DA:166,0
DA:182,0
DA:184,0
DA:189,1
DA:190,0
DA:191,0
DA:200,0
DA:207,0
DA:210,0
DA:211,0
DA:212,0
DA:214,0
LF:50
LH:4
BRDA:56,0,0,0
BRDA:56,0,1,0
BRDA:57,1,0,0
BRDA:57,1,1,0
BRDA:58,2,0,0
BRDA:58,2,1,0
BRDA:59,3,0,0
BRDA:59,3,1,0
BRDA:62,4,0,0
BRDA:62,4,1,0
BRDA:63,5,0,0
BRDA:63,5,1,0
BRDA:64,6,0,0
BRDA:64,6,1,0
BRDA:65,7,0,0
BRDA:65,7,1,0
BRDA:66,8,0,0
BRDA:66,8,1,0
BRDA:67,9,0,0
BRDA:67,9,1,0
BRDA:68,10,0,0
BRDA:68,10,1,0
BRDA:69,11,0,0
BRDA:69,11,1,0
BRDA:70,12,0,0
BRDA:70,12,1,0
BRDA:75,13,0,0
BRDA:75,13,1,0
BRDA:81,14,0,0
BRDA:81,14,1,0
BRDA:82,15,0,0
BRDA:82,15,1,0
BRDA:83,16,0,0
BRDA:83,16,1,0
BRDA:84,17,0,0
BRDA:84,17,1,0
BRDA:97,18,0,0
BRDA:97,18,1,0
BRDA:98,19,0,0
BRDA:98,19,1,0
BRDA:98,20,0,0
BRDA:98,20,1,0
BRDA:98,20,2,0
BRF:43
BRH:0
end_of_record
TN:
SF:controllers\importController.js
FN:8,(anonymous_0)
FN:9,(anonymous_1)
FN:10,(anonymous_2)
FN:12,(anonymous_3)
FN:13,(anonymous_4)
FN:19,(anonymous_5)
FN:36,(anonymous_6)
FN:37,(anonymous_7)
FN:40,(anonymous_8)
FN:44,(anonymous_9)
FN:46,(anonymous_10)
FN:56,(anonymous_11)
FN:85,(anonymous_12)
FN:118,(anonymous_13)
FN:162,(anonymous_14)
FN:232,(anonymous_15)
FN:290,(anonymous_16)
FN:306,(anonymous_17)
FN:339,(anonymous_18)
FN:383,(anonymous_19)
FN:405,(anonymous_20)
FN:436,(anonymous_21)
FN:480,(anonymous_22)
FN:509,(anonymous_23)
FN:516,(anonymous_24)
FNF:25
FNH:0
FNDA:0,(anonymous_0)
FNDA:0,(anonymous_1)
FNDA:0,(anonymous_2)
FNDA:0,(anonymous_3)
FNDA:0,(anonymous_4)
FNDA:0,(anonymous_5)
FNDA:0,(anonymous_6)
FNDA:0,(anonymous_7)
FNDA:0,(anonymous_8)
FNDA:0,(anonymous_9)
FNDA:0,(anonymous_10)
FNDA:0,(anonymous_11)
FNDA:0,(anonymous_12)
FNDA:0,(anonymous_13)
FNDA:0,(anonymous_14)
FNDA:0,(anonymous_15)
FNDA:0,(anonymous_16)
FNDA:0,(anonymous_17)
FNDA:0,(anonymous_18)
FNDA:0,(anonymous_19)
FNDA:0,(anonymous_20)
FNDA:0,(anonymous_21)
FNDA:0,(anonymous_22)
FNDA:0,(anonymous_23)
FNDA:0,(anonymous_24)
DA:5,1
DA:8,1
DA:9,0
DA:10,0
DA:11,0
DA:12,0
DA:13,0
DA:19,1
DA:22,0
DA:23,0
DA:24,0
DA:26,0
DA:29,0
DA:30,0
DA:32,0
DA:36,1
DA:37,0
DA:38,0
DA:40,0
DA:41,0
DA:43,0
DA:44,0
DA:45,0
DA:46,0
DA:47,0
DA:49,0
DA:52,0
DA:56,1
DA:57,0
DA:59,0
DA:60,0
DA:63,0
DA:65,0
DA:66,0
DA:70,0
DA:73,0
DA:76,0
DA:78,0
DA:79,0
DA:83,0
DA:84,0
DA:85,0
DA:86,0
DA:87,0
DA:91,0
DA:92,0
DA:94,0
DA:95,0
DA:97,0
DA:108,0
DA:109,0
DA:110,0
DA:113,0
DA:116,0
DA:117,0
DA:118,0
DA:119,0
DA:120,0
DA:121,0
DA:122,0
DA:133,0
DA:139,0
DA:141,0
DA:145,0
DA:154,0
DA:162,1
DA:163,0
DA:165,0
DA:166,0
DA:169,0
DA:171,0
DA:172,0
DA:175,0
DA:176,0
DA:177,0
DA:179,0
DA:180,0
DA:183,0
DA:184,0
DA:186,0
DA:187,0
DA:188,0
DA:195,0
DA:196,0
DA:197,0
DA:200,0
DA:203,0
DA:209,0
DA:211,0
DA:215,0
DA:224,0
DA:232,1
DA:233,0
DA:234,0
DA:283,0
DA:285,0
DA:290,1
DA:291,0
DA:293,0
DA:294,0
DA:297,0
DA:299,0
DA:300,0
DA:304,0
DA:305,0
DA:306,0
DA:307,0
DA:308,0
DA:311,0
DA:312,0
DA:314,0
DA:315,0
DA:316,0
DA:327,0
DA:328,0
DA:329,0
DA:332,0
DA:335,0
DA:336,0
DA:338,0
DA:339,0
DA:340,0
DA:341,0
DA:342,0
DA:343,0
DA:354,0
DA:360,0
DA:362,0
DA:366,0
DA:375,0
DA:383,1
DA:384,0
DA:386,0
DA:387,0
DA:390,0
DA:391,0
DA:395,0
DA:396,0
DA:398,0
DA:399,0
DA:403,0
DA:404,0
DA:405,0
DA:406,0
DA:407,0
DA:410,0
DA:411,0
DA:413,0
DA:414,0
DA:415,0
DA:426,0
DA:427,0
DA:428,0
DA:431,0
DA:434,0
DA:435,0
DA:436,0
DA:437,0
DA:438,0
DA:439,0
DA:440,0
DA:451,0
DA:457,0
DA:459,0
DA:463,0
DA:472,0
DA:480,1
DA:481,0
DA:483,0
DA:484,0
DA:487,0
DA:489,0
DA:490,0
DA:493,0
DA:504,0
DA:507,0
DA:508,0
DA:509,0
DA:510,0
DA:511,0
DA:514,0
DA:515,0
DA:516,0
DA:519,0
DA:520,0
DA:521,0
DA:522,0
DA:533,0
DA:539,0
DA:546,0
LF:190
LH:10
BRDA:23,0,0,0
BRDA:23,0,1,0
BRDA:30,1,0,0
BRDA:30,1,1,0
BRDA:38,2,0,0
BRDA:38,2,1,0
BRDA:47,3,0,0
BRDA:47,3,1,0
BRDA:59,4,0,0
BRDA:59,4,1,0
BRDA:59,5,0,0
BRDA:59,5,1,0
BRDA:65,6,0,0
BRDA:65,6,1,0
BRDA:78,7,0,0
BRDA:78,7,1,0
BRDA:98,8,0,0
BRDA:98,8,1,0
BRDA:98,8,2,0
BRDA:98,8,3,0
BRDA:99,9,0,0
BRDA:99,9,1,0
BRDA:99,9,2,0
BRDA:100,10,0,0
BRDA:100,10,1,0
BRDA:100,10,2,0
BRDA:101,11,0,0
BRDA:101,11,1,0
BRDA:101,11,2,0
BRDA:102,12,0,0
BRDA:102,12,1,0
BRDA:102,12,2,0
BRDA:103,13,0,0
BRDA:103,13,1,0
BRDA:103,13,2,0
BRDA:104,14,0,0
BRDA:104,14,1,0
BRDA:104,14,2,0
BRDA:105,15,0,0
BRDA:105,15,1,0
BRDA:105,15,2,0
BRDA:108,16,0,0
BRDA:108,16,1,0
BRDA:108,17,0,0
BRDA:108,17,1,0
BRDA:116,18,0,0
BRDA:116,18,1,0
BRDA:116,18,2,0
BRDA:116,18,3,0
BRDA:116,18,4,0
BRDA:117,19,0,0
BRDA:117,19,1,0
BRDA:117,20,0,0
BRDA:117,20,1,0
BRDA:121,21,0,0
BRDA:121,21,1,0
BRDA:150,22,0,0
BRDA:150,22,1,0
BRDA:165,23,0,0
BRDA:165,23,1,0
BRDA:165,24,0,0
BRDA:165,24,1,0
BRDA:171,25,0,0
BRDA:171,25,1,0
BRDA:179,26,0,0
BRDA:179,26,1,0
BRDA:189,27,0,0
BRDA:189,27,1,0
BRDA:189,27,2,0
BRDA:189,27,3,0
BRDA:190,28,0,0
BRDA:190,28,1,0
BRDA:190,28,2,0
BRDA:191,29,0,0
BRDA:191,29,1,0
BRDA:191,29,2,0
BRDA:192,30,0,0
BRDA:192,30,1,0
BRDA:192,30,2,0
BRDA:192,30,3,0
BRDA:195,31,0,0
BRDA:195,31,1,0
BRDA:195,32,0,0
BRDA:195,32,1,0
BRDA:220,33,0,0
BRDA:220,33,1,0
BRDA:293,34,0,0
BRDA:293,34,1,0
BRDA:293,35,0,0
BRDA:293,35,1,0
BRDA:299,36,0,0
BRDA:299,36,1,0
BRDA:299,37,0,0
BRDA:299,37,1,0
BRDA:317,38,0,0
BRDA:317,38,1,0
BRDA:318,39,0,0
BRDA:318,39,1,0
BRDA:319,40,0,0
BRDA:319,40,1,0
BRDA:320,41,0,0
BRDA:320,41,1,0
BRDA:321,42,0,0
BRDA:321,42,1,0
BRDA:322,43,0,0
BRDA:322,43,1,0
BRDA:323,44,0,0
BRDA:323,44,1,0
BRDA:324,45,0,0
BRDA:324,45,1,0
BRDA:327,46,0,0
BRDA:327,46,1,0
BRDA:327,47,0,0
BRDA:327,47,1,0
BRDA:335,48,0,0
BRDA:335,48,1,0
BRDA:336,49,0,0
BRDA:336,49,1,0
BRDA:336,50,0,0
BRDA:336,50,1,0
BRDA:338,51,0,0
BRDA:338,51,1,0
BRDA:342,52,0,0
BRDA:342,52,1,0
BRDA:371,53,0,0
BRDA:371,53,1,0
BRDA:386,54,0,0
BRDA:386,54,1,0
BRDA:386,55,0,0
BRDA:386,55,1,0
BRDA:390,56,0,0
BRDA:390,56,1,0
BRDA:398,57,0,0
BRDA:398,57,1,0
BRDA:416,58,0,0
BRDA:416,58,1,0
BRDA:416,58,2,0
BRDA:416,58,3,0
BRDA:417,59,0,0
BRDA:417,59,1,0
BRDA:417,59,2,0
BRDA:418,60,0,0
BRDA:418,60,1,0
BRDA:418,60,2,0
BRDA:419,61,0,0
BRDA:419,61,1,0
BRDA:419,61,2,0
BRDA:420,62,0,0
BRDA:420,62,1,0
BRDA:420,62,2,0
BRDA:421,63,0,0
BRDA:421,63,1,0
BRDA:421,63,2,0
BRDA:422,64,0,0
BRDA:422,64,1,0
BRDA:422,64,2,0
BRDA:423,65,0,0
BRDA:423,65,1,0
BRDA:423,65,2,0
BRDA:426,66,0,0
BRDA:426,66,1,0
BRDA:426,67,0,0
BRDA:426,67,1,0
BRDA:434,68,0,0
BRDA:434,68,1,0
BRDA:434,68,2,0
BRDA:434,68,3,0
BRDA:434,68,4,0
BRDA:435,69,0,0
BRDA:435,69,1,0
BRDA:435,70,0,0
BRDA:435,70,1,0
BRDA:439,71,0,0
BRDA:439,71,1,0
BRDA:468,72,0,0
BRDA:468,72,1,0
BRDA:483,73,0,0
BRDA:483,73,1,0
BRDA:483,74,0,0
BRDA:483,74,1,0
BRDA:489,75,0,0
BRDA:489,75,1,0
BRDA:489,76,0,0
BRDA:489,76,1,0
BRDA:495,77,0,0
BRDA:495,77,1,0
BRDA:496,78,0,0
BRDA:496,78,1,0
BRDA:497,79,0,0
BRDA:497,79,1,0
BRDA:498,80,0,0
BRDA:498,80,1,0
BRDA:499,81,0,0
BRDA:499,81,1,0
BRDA:500,82,0,0
BRDA:500,82,1,0
BRDA:501,83,0,0
BRDA:501,83,1,0
BRDA:514,84,0,0
BRDA:514,84,1,0
BRDA:515,85,0,0
BRDA:515,85,1,0
BRDA:517,86,0,0
BRDA:517,86,1,0
BRDA:521,87,0,0
BRDA:521,87,1,0
BRF:206
BRH:0
end_of_record
TN:
SF:controllers\metricLinksController.js
FN:7,(anonymous_0)
FN:31,(anonymous_1)
FN:56,(anonymous_2)
FN:91,(anonymous_3)
FN:130,(anonymous_4)
FNF:5
FNH:0
FNDA:0,(anonymous_0)
FNDA:0,(anonymous_1)
FNDA:0,(anonymous_2)
FNDA:0,(anonymous_3)
FNDA:0,(anonymous_4)
DA:4,1
DA:7,1
DA:8,0
DA:9,0
DA:11,0
DA:13,0
DA:24,0
DA:26,0
DA:31,1
DA:32,0
DA:33,0
DA:35,0
DA:45,0
DA:46,0
DA:49,0
DA:51,0
DA:56,1
DA:57,0
DA:58,0
DA:59,0
DA:76,0
DA:84,0
DA:86,0
DA:91,1
DA:92,0
DA:93,0
DA:94,0
DA:95,0
DA:96,0
DA:114,0
DA:123,0
DA:125,0
DA:130,1
DA:131,0
DA:132,0
DA:133,0
DA:134,0
DA:137,0
DA:145,0
DA:147,0
LF:40
LH:6
BRDA:11,0,0,0
BRDA:11,0,1,0
BRDA:45,1,0,0
BRDA:45,1,1,0
BRDA:66,2,0,0
BRDA:66,2,1,0
BRDA:104,3,0,0
BRDA:104,3,1,0
BRF:8
BRH:0
end_of_record
TN:
SF:controllers\metricsController.js
FN:7,(anonymous_0)
FN:43,(anonymous_1)
FN:71,(anonymous_2)
FN:103,(anonymous_3)
FN:137,(anonymous_4)
FN:163,(anonymous_5)
FNF:6
FNH:0
FNDA:0,(anonymous_0)
FNDA:0,(anonymous_1)
FNDA:0,(anonymous_2)
FNDA:0,(anonymous_3)
FNDA:0,(anonymous_4)
FNDA:0,(anonymous_5)
DA:4,1
DA:7,1
DA:8,0
DA:9,0
DA:11,0
DA:13,0
DA:14,0
DA:15,0
DA:16,0
DA:22,0
DA:36,0
DA:38,0
DA:43,1
DA:44,0
DA:45,0
DA:47,0
DA:60,0
DA:61,0
DA:64,0
DA:66,0
DA:71,1
DA:72,0
DA:74,0
DA:75,0
DA:78,0
DA:80,0
DA:94,0
DA:96,0
DA:98,0
DA:103,1
DA:104,0
DA:106,0
DA:107,0
DA:110,0
DA:111,0
DA:113,0
DA:128,0
DA:130,0
DA:132,0
DA:137,1
DA:138,0
DA:140,0
DA:141,0
DA:144,0
DA:147,0
DA:149,0
DA:154,0
DA:156,0
DA:158,0
DA:163,1
DA:164,0
DA:165,0
DA:166,0
DA:170,0
DA:175,0
DA:181,0
LF:56
LH:7
BRDA:13,0,0,0
BRDA:13,0,1,0
BRDA:14,1,0,0
BRDA:14,1,1,0
BRDA:15,2,0,0
BRDA:15,2,1,0
BRDA:60,3,0,0
BRDA:60,3,1,0
BRDA:74,4,0,0
BRDA:74,4,1,0
BRDA:74,5,0,0
BRDA:74,5,1,0
BRDA:89,6,0,0
BRDA:89,6,1,0
BRDA:106,7,0,0
BRDA:106,7,1,0
BRDA:106,8,0,0
BRDA:106,8,1,0
BRDA:140,9,0,0
BRDA:140,9,1,0
BRDA:140,10,0,0
BRDA:140,10,1,0
BRF:22
BRH:0
end_of_record
TN:
SF:controllers\sourcesController.js
FN:7,(anonymous_0)
FN:27,(anonymous_1)
FN:53,(anonymous_2)
FN:76,(anonymous_3)
FN:101,(anonymous_4)
FNF:5
FNH:0
FNDA:0,(anonymous_0)
FNDA:0,(anonymous_1)
FNDA:0,(anonymous_2)
FNDA:0,(anonymous_3)
FNDA:0,(anonymous_4)
DA:4,1
DA:7,1
DA:8,0
DA:9,0
DA:20,0
DA:22,0
DA:27,1
DA:28,0
DA:29,0
DA:31,0
DA:42,0
DA:43,0
DA:46,0
DA:48,0
DA:53,1
DA:54,0
DA:55,0
DA:57,0
DA:67,0
DA:69,0
DA:71,0
DA:76,1
DA:77,0
DA:78,0
DA:79,0
DA:81,0
DA:92,0
DA:94,0
DA:96,0
DA:101,1
DA:102,0
DA:103,0
DA:105,0
DA:107,0
DA:112,0
DA:114,0
DA:116,0
LF:37
LH:6
BRDA:42,0,0,0
BRDA:42,0,1,0
BRF:2
BRH:0
end_of_record
TN:
SF:controllers\standardsController.js
FN:6,(anonymous_0)
FN:26,(anonymous_1)
FN:52,(anonymous_2)
FN:78,(anonymous_3)
FN:102,(anonymous_4)
FNF:5
FNH:0
FNDA:0,(anonymous_0)
FNDA:0,(anonymous_1)
FNDA:0,(anonymous_2)
FNDA:0,(anonymous_3)
FNDA:0,(anonymous_4)
DA:3,1
DA:6,1
DA:7,0
DA:8,0
DA:19,0
DA:21,0
DA:26,1
DA:27,0
DA:28,0
DA:30,0
DA:41,0
DA:42,0
DA:45,0
DA:47,0
DA:52,1
DA:53,0
DA:54,0
DA:55,0
DA:58,0
DA:60,0
DA:61,0
DA:64,0
DA:71,0
DA:73,0
DA:78,1
DA:79,0
DA:80,0
DA:81,0
DA:84,0
DA:85,0
DA:87,0
DA:95,0
DA:97,0
DA:102,1
DA:103,0
DA:104,0
DA:105,0
DA:108,0
DA:110,0
DA:114,0
DA:116,0
LF:41
LH:6
BRDA:41,0,0,0
BRDA:41,0,1,0
BRDA:54,1,0,0
BRDA:54,1,1,0
BRDA:54,2,0,0
BRDA:54,2,1,0
BRDA:60,3,0,0
BRDA:60,3,1,0
BRDA:67,4,0,0
BRDA:67,4,1,0
BRDA:80,5,0,0
BRDA:80,5,1,0
BRDA:80,6,0,0
BRDA:80,6,1,0
BRDA:90,7,0,0
BRDA:90,7,1,0
BRDA:91,8,0,0
BRDA:91,8,1,0
BRDA:104,9,0,0
BRDA:104,9,1,0
BRDA:104,10,0,0
BRDA:104,10,1,0
BRF:22
BRH:0
end_of_record
TN:
SF:controllers\storageController.js
FN:7,(anonymous_0)
FN:27,(anonymous_1)
FN:53,(anonymous_2)
FN:74,(anonymous_3)
FN:97,(anonymous_4)
FNF:5
FNH:0
FNDA:0,(anonymous_0)
FNDA:0,(anonymous_1)
FNDA:0,(anonymous_2)
FNDA:0,(anonymous_3)
FNDA:0,(anonymous_4)
DA:4,1
DA:7,1
DA:8,0
DA:9,0
DA:20,0
DA:22,0
DA:27,1
DA:28,0
DA:29,0
DA:31,0
DA:42,0
DA:43,0
DA:46,0
DA:48,0
DA:53,1
DA:54,0
DA:55,0
DA:57,0
DA:65,0
DA:67,0
DA:69,0
DA:74,1
DA:75,0
DA:76,0
DA:77,0
DA:79,0
DA:88,0
DA:90,0
DA:92,0
DA:97,1
DA:98,0
DA:99,0
DA:101,0
DA:103,0
DA:108,0
DA:110,0
DA:112,0
LF:37
LH:6
BRDA:42,0,0,0
BRDA:42,0,1,0
BRF:2
BRH:0
end_of_record
